2019-03-02 11:07:24,724 [MainThread  ] [WARNI]  Отсутствует локальный файл настроек. Файл создан из шаблона local_settings.py.tmpl
2019-03-02 11:07:36,337 [MainThread  ] [ERROR]  could not translate host name "team2018.piterdata.ninja" to address: Unknown host
Traceback (most recent call last):
  File "C:\Users\Kuruma\AppData\Local\Programs\Python\Python36-32\lib\site-packages\peewee.py", line 2661, in connect
    self._state.set_connection(self._connect())
  File "C:\Users\Kuruma\AppData\Local\Programs\Python\Python36-32\lib\site-packages\peewee.py", line 3299, in _connect
    conn = psycopg2.connect(database=self.database, **self.connect_params)
  File "C:\Users\Kuruma\AppData\Local\Programs\Python\Python36-32\lib\site-packages\psycopg2\__init__.py", line 130, in connect
    conn = _connect(dsn, connection_factory=connection_factory, **kwasync)
psycopg2.OperationalError: could not translate host name "team2018.piterdata.ninja" to address: Unknown host


During handling of the above exception, another exception occurred:

Traceback (most recent call last):
  File "C:\Users\Kuruma\AppData\Local\Programs\Python\Python36-32\lib\site-packages\peewee.py", line 2712, in execute_sql
    cursor = self.cursor(commit)
  File "C:\Users\Kuruma\AppData\Local\Programs\Python\Python36-32\lib\site-packages\peewee.py", line 2698, in cursor
    self.connect()
  File "C:\Users\Kuruma\AppData\Local\Programs\Python\Python36-32\lib\site-packages\peewee.py", line 2662, in connect
    self._initialize_connection(self._state.conn)
  File "C:\Users\Kuruma\AppData\Local\Programs\Python\Python36-32\lib\site-packages\peewee.py", line 2512, in __exit__
    reraise(new_type, new_type(*exc_args), traceback)
  File "C:\Users\Kuruma\AppData\Local\Programs\Python\Python36-32\lib\site-packages\peewee.py", line 186, in reraise
    raise value.with_traceback(tb)
  File "C:\Users\Kuruma\AppData\Local\Programs\Python\Python36-32\lib\site-packages\peewee.py", line 2661, in connect
    self._state.set_connection(self._connect())
  File "C:\Users\Kuruma\AppData\Local\Programs\Python\Python36-32\lib\site-packages\peewee.py", line 3299, in _connect
    conn = psycopg2.connect(database=self.database, **self.connect_params)
  File "C:\Users\Kuruma\AppData\Local\Programs\Python\Python36-32\lib\site-packages\psycopg2\__init__.py", line 130, in connect
    conn = _connect(dsn, connection_factory=connection_factory, **kwasync)
peewee.OperationalError: could not translate host name "team2018.piterdata.ninja" to address: Unknown host


During handling of the above exception, another exception occurred:

Traceback (most recent call last):
  File "C:/Users/Kuruma/PycharmProjects/ls_source/run.py", line 40, in <module>
    from application import APP
  File "C:\Users\Kuruma\PycharmProjects\ls_source\application.py", line 23, in <module>
    init_models(DB)
  File "C:\Users\Kuruma\PycharmProjects\ls_source\models\__init__.py", line 13, in init_models
    db.database.create_tables(ms)
  File "C:\Users\Kuruma\AppData\Local\Programs\Python\Python36-32\lib\site-packages\peewee.py", line 2871, in create_tables
    model.create_table(**options)
  File "C:\Users\Kuruma\AppData\Local\Programs\Python\Python36-32\lib\site-packages\peewee.py", line 5842, in create_table
    and cls.table_exists():
  File "C:\Users\Kuruma\AppData\Local\Programs\Python\Python36-32\lib\site-packages\peewee.py", line 5832, in table_exists
    return cls._schema.database.table_exists(M.table.__name__, M.schema)
  File "C:\Users\Kuruma\AppData\Local\Programs\Python\Python36-32\lib\site-packages\peewee.py", line 2849, in table_exists
    return table_name in self.get_tables(schema=schema)
  File "C:\Users\Kuruma\AppData\Local\Programs\Python\Python36-32\lib\site-packages\peewee.py", line 3323, in get_tables
    cursor = self.execute_sql(query, (schema or 'public',))
  File "C:\Users\Kuruma\AppData\Local\Programs\Python\Python36-32\lib\site-packages\peewee.py", line 2721, in execute_sql
    self.commit()
  File "C:\Users\Kuruma\AppData\Local\Programs\Python\Python36-32\lib\site-packages\peewee.py", line 2512, in __exit__
    reraise(new_type, new_type(*exc_args), traceback)
  File "C:\Users\Kuruma\AppData\Local\Programs\Python\Python36-32\lib\site-packages\peewee.py", line 186, in reraise
    raise value.with_traceback(tb)
  File "C:\Users\Kuruma\AppData\Local\Programs\Python\Python36-32\lib\site-packages\peewee.py", line 2712, in execute_sql
    cursor = self.cursor(commit)
  File "C:\Users\Kuruma\AppData\Local\Programs\Python\Python36-32\lib\site-packages\peewee.py", line 2698, in cursor
    self.connect()
  File "C:\Users\Kuruma\AppData\Local\Programs\Python\Python36-32\lib\site-packages\peewee.py", line 2662, in connect
    self._initialize_connection(self._state.conn)
  File "C:\Users\Kuruma\AppData\Local\Programs\Python\Python36-32\lib\site-packages\peewee.py", line 2512, in __exit__
    reraise(new_type, new_type(*exc_args), traceback)
  File "C:\Users\Kuruma\AppData\Local\Programs\Python\Python36-32\lib\site-packages\peewee.py", line 186, in reraise
    raise value.with_traceback(tb)
  File "C:\Users\Kuruma\AppData\Local\Programs\Python\Python36-32\lib\site-packages\peewee.py", line 2661, in connect
    self._state.set_connection(self._connect())
  File "C:\Users\Kuruma\AppData\Local\Programs\Python\Python36-32\lib\site-packages\peewee.py", line 3299, in _connect
    conn = psycopg2.connect(database=self.database, **self.connect_params)
  File "C:\Users\Kuruma\AppData\Local\Programs\Python\Python36-32\lib\site-packages\psycopg2\__init__.py", line 130, in connect
    conn = _connect(dsn, connection_factory=connection_factory, **kwasync)
peewee.OperationalError: could not translate host name "team2018.piterdata.ninja" to address: Unknown host

2019-03-02 11:10:13,631 [MainThread  ] [ERROR]  FATAL:  password authentication failed for user "rhinrei"
FATAL:  password authentication failed for user "rhinrei"
Traceback (most recent call last):
  File "C:\Users\Kuruma\AppData\Local\Programs\Python\Python36-32\lib\site-packages\peewee.py", line 2661, in connect
    self._state.set_connection(self._connect())
  File "C:\Users\Kuruma\AppData\Local\Programs\Python\Python36-32\lib\site-packages\peewee.py", line 3299, in _connect
    conn = psycopg2.connect(database=self.database, **self.connect_params)
  File "C:\Users\Kuruma\AppData\Local\Programs\Python\Python36-32\lib\site-packages\psycopg2\__init__.py", line 130, in connect
    conn = _connect(dsn, connection_factory=connection_factory, **kwasync)
psycopg2.OperationalError: FATAL:  password authentication failed for user "rhinrei"
FATAL:  password authentication failed for user "rhinrei"


During handling of the above exception, another exception occurred:

Traceback (most recent call last):
  File "C:\Users\Kuruma\AppData\Local\Programs\Python\Python36-32\lib\site-packages\peewee.py", line 2712, in execute_sql
    cursor = self.cursor(commit)
  File "C:\Users\Kuruma\AppData\Local\Programs\Python\Python36-32\lib\site-packages\peewee.py", line 2698, in cursor
    self.connect()
  File "C:\Users\Kuruma\AppData\Local\Programs\Python\Python36-32\lib\site-packages\peewee.py", line 2662, in connect
    self._initialize_connection(self._state.conn)
  File "C:\Users\Kuruma\AppData\Local\Programs\Python\Python36-32\lib\site-packages\peewee.py", line 2512, in __exit__
    reraise(new_type, new_type(*exc_args), traceback)
  File "C:\Users\Kuruma\AppData\Local\Programs\Python\Python36-32\lib\site-packages\peewee.py", line 186, in reraise
    raise value.with_traceback(tb)
  File "C:\Users\Kuruma\AppData\Local\Programs\Python\Python36-32\lib\site-packages\peewee.py", line 2661, in connect
    self._state.set_connection(self._connect())
  File "C:\Users\Kuruma\AppData\Local\Programs\Python\Python36-32\lib\site-packages\peewee.py", line 3299, in _connect
    conn = psycopg2.connect(database=self.database, **self.connect_params)
  File "C:\Users\Kuruma\AppData\Local\Programs\Python\Python36-32\lib\site-packages\psycopg2\__init__.py", line 130, in connect
    conn = _connect(dsn, connection_factory=connection_factory, **kwasync)
peewee.OperationalError: FATAL:  password authentication failed for user "rhinrei"
FATAL:  password authentication failed for user "rhinrei"


During handling of the above exception, another exception occurred:

Traceback (most recent call last):
  File "C:/Users/Kuruma/PycharmProjects/ls_source/run.py", line 40, in <module>
    from application import APP
  File "C:\Users\Kuruma\PycharmProjects\ls_source\application.py", line 23, in <module>
    init_models(DB)
  File "C:\Users\Kuruma\PycharmProjects\ls_source\models\__init__.py", line 13, in init_models
    db.database.create_tables(ms)
  File "C:\Users\Kuruma\AppData\Local\Programs\Python\Python36-32\lib\site-packages\peewee.py", line 2871, in create_tables
    model.create_table(**options)
  File "C:\Users\Kuruma\AppData\Local\Programs\Python\Python36-32\lib\site-packages\peewee.py", line 5842, in create_table
    and cls.table_exists():
  File "C:\Users\Kuruma\AppData\Local\Programs\Python\Python36-32\lib\site-packages\peewee.py", line 5832, in table_exists
    return cls._schema.database.table_exists(M.table.__name__, M.schema)
  File "C:\Users\Kuruma\AppData\Local\Programs\Python\Python36-32\lib\site-packages\peewee.py", line 2849, in table_exists
    return table_name in self.get_tables(schema=schema)
  File "C:\Users\Kuruma\AppData\Local\Programs\Python\Python36-32\lib\site-packages\peewee.py", line 3323, in get_tables
    cursor = self.execute_sql(query, (schema or 'public',))
  File "C:\Users\Kuruma\AppData\Local\Programs\Python\Python36-32\lib\site-packages\peewee.py", line 2721, in execute_sql
    self.commit()
  File "C:\Users\Kuruma\AppData\Local\Programs\Python\Python36-32\lib\site-packages\peewee.py", line 2512, in __exit__
    reraise(new_type, new_type(*exc_args), traceback)
  File "C:\Users\Kuruma\AppData\Local\Programs\Python\Python36-32\lib\site-packages\peewee.py", line 186, in reraise
    raise value.with_traceback(tb)
  File "C:\Users\Kuruma\AppData\Local\Programs\Python\Python36-32\lib\site-packages\peewee.py", line 2712, in execute_sql
    cursor = self.cursor(commit)
  File "C:\Users\Kuruma\AppData\Local\Programs\Python\Python36-32\lib\site-packages\peewee.py", line 2698, in cursor
    self.connect()
  File "C:\Users\Kuruma\AppData\Local\Programs\Python\Python36-32\lib\site-packages\peewee.py", line 2662, in connect
    self._initialize_connection(self._state.conn)
  File "C:\Users\Kuruma\AppData\Local\Programs\Python\Python36-32\lib\site-packages\peewee.py", line 2512, in __exit__
    reraise(new_type, new_type(*exc_args), traceback)
  File "C:\Users\Kuruma\AppData\Local\Programs\Python\Python36-32\lib\site-packages\peewee.py", line 186, in reraise
    raise value.with_traceback(tb)
  File "C:\Users\Kuruma\AppData\Local\Programs\Python\Python36-32\lib\site-packages\peewee.py", line 2661, in connect
    self._state.set_connection(self._connect())
  File "C:\Users\Kuruma\AppData\Local\Programs\Python\Python36-32\lib\site-packages\peewee.py", line 3299, in _connect
    conn = psycopg2.connect(database=self.database, **self.connect_params)
  File "C:\Users\Kuruma\AppData\Local\Programs\Python\Python36-32\lib\site-packages\psycopg2\__init__.py", line 130, in connect
    conn = _connect(dsn, connection_factory=connection_factory, **kwasync)
peewee.OperationalError: FATAL:  password authentication failed for user "rhinrei"
FATAL:  password authentication failed for user "rhinrei"

2019-03-02 11:11:54,835 [MainThread  ] [WARNI]   * Debugger is active!
2019-03-02 12:47:21,012 [MainThread  ] [WARNI]   * Debugger is active!
2019-03-02 12:50:57,636 [MainThread  ] [WARNI]   * Debugger is active!
2019-03-02 12:54:32,026 [MainThread  ] [ERROR]  name 'Category' is not defined
Traceback (most recent call last):
  File "C:/Users/Kuruma/PycharmProjects/ls_source/run.py", line 40, in <module>
    from application import APP
  File "C:\Users\Kuruma\PycharmProjects\ls_source\application.py", line 23, in <module>
    init_models(DB)
  File "C:\Users\Kuruma\PycharmProjects\ls_source\models\__init__.py", line 19, in init_models
    ms1 = [Category, Product, Customer, Order, OrderItem]
NameError: name 'Category' is not defined
2019-03-02 12:55:34,138 [MainThread  ] [WARNI]   * Debugger is active!
2019-03-02 12:57:45,291 [MainThread  ] [WARNI]   * Debugger is active!
2019-03-02 12:58:53,368 [MainThread  ] [WARNI]   * Debugger is active!
2019-03-14 23:29:11,241 [MainThread  ] [WARNI]   * Debugger is active!
2019-03-14 23:31:16,507 [MainThread  ] [WARNI]   * Debugger is active!
2019-03-14 23:36:09,680 [MainThread  ] [ERROR]  name 'Specialization' is not defined
Traceback (most recent call last):
  File "/home/galina/Downloads/ls_source/run.py", line 40, in <module>
    from application import APP
  File "/home/galina/Downloads/ls_source/application.py", line 23, in <module>
    init_models(DB)
  File "/home/galina/Downloads/ls_source/models/__init__.py", line 13, in init_models
    ms = [Category, Product, Customer, Order, OrderItem, Customer, Specialization]
NameError: name 'Specialization' is not defined
2019-03-16 10:45:54,520 [MainThread  ] [ERROR]  No module named flask_peewee.db
Traceback (most recent call last):
  File "run.py", line 40, in <module>
    from application import APP
  File "/home/galina/Downloads/ls_source/application.py", line 4, in <module>
    from flask_peewee.db import Database
ImportError: No module named flask_peewee.db
2019-03-16 10:48:49,424 [MainThread  ] [ERROR]  No module named flask_peewee.db
Traceback (most recent call last):
  File "run.py", line 40, in <module>
    from application import APP
  File "/home/galina/Downloads/ls_source/application.py", line 4, in <module>
    from flask_peewee.db import Database
ImportError: No module named flask_peewee.db
2019-03-16 10:49:14,571 [MainThread  ] [ERROR]  cannot drop table courses because other objects depend on it
DETAIL:  constraint students_course_id_fkey on table students depends on table courses
constraint subscriptions_course_id_fkey on table subscriptions depends on table courses
HINT:  Use DROP ... CASCADE to drop the dependent objects too.
Traceback (most recent call last):
  File "/usr/local/lib/python3.6/dist-packages/peewee.py", line 2835, in execute_sql
    cursor.execute(sql, params or ())
psycopg2.InternalError: cannot drop table courses because other objects depend on it
DETAIL:  constraint students_course_id_fkey on table students depends on table courses
constraint subscriptions_course_id_fkey on table subscriptions depends on table courses
HINT:  Use DROP ... CASCADE to drop the dependent objects too.


During handling of the above exception, another exception occurred:

Traceback (most recent call last):
  File "run.py", line 40, in <module>
    from application import APP
  File "/home/galina/Downloads/ls_source/application.py", line 23, in <module>
    init_models(DB)
  File "/home/galina/Downloads/ls_source/models/__init__.py", line 16, in init_models
    db.database.drop_tables(ms)
  File "/usr/local/lib/python3.6/dist-packages/peewee.py", line 2999, in drop_tables
    model.drop_table(**kwargs)
  File "/usr/local/lib/python3.6/dist-packages/peewee.py", line 6021, in drop_table
    cls._schema.drop_all(safe, drop_sequences, **options)
  File "/usr/local/lib/python3.6/dist-packages/peewee.py", line 5235, in drop_all
    self.drop_table(safe, **options)
  File "/usr/local/lib/python3.6/dist-packages/peewee.py", line 5124, in drop_table
    self.database.execute(self._drop_table(safe=safe, **options))
  File "/usr/local/lib/python3.6/dist-packages/peewee.py", line 2848, in execute
    return self.execute_sql(sql, params, commit=commit)
  File "/usr/local/lib/python3.6/dist-packages/peewee.py", line 2842, in execute_sql
    self.commit()
  File "/usr/local/lib/python3.6/dist-packages/peewee.py", line 2627, in __exit__
    reraise(new_type, new_type(*exc_args), traceback)
  File "/usr/local/lib/python3.6/dist-packages/peewee.py", line 178, in reraise
    raise value.with_traceback(tb)
  File "/usr/local/lib/python3.6/dist-packages/peewee.py", line 2835, in execute_sql
    cursor.execute(sql, params or ())
peewee.InternalError: cannot drop table courses because other objects depend on it
DETAIL:  constraint students_course_id_fkey on table students depends on table courses
constraint subscriptions_course_id_fkey on table subscriptions depends on table courses
HINT:  Use DROP ... CASCADE to drop the dependent objects too.

2019-03-16 10:50:03,029 [MainThread  ] [ERROR]  column "spec_id" does not exist
Traceback (most recent call last):
  File "/usr/local/lib/python3.6/dist-packages/peewee.py", line 2835, in execute_sql
    cursor.execute(sql, params or ())
psycopg2.ProgrammingError: column "spec_id" does not exist


During handling of the above exception, another exception occurred:

Traceback (most recent call last):
  File "run.py", line 40, in <module>
    from application import APP
  File "/home/galina/Downloads/ls_source/application.py", line 23, in <module>
    init_models(DB)
  File "/home/galina/Downloads/ls_source/models/__init__.py", line 17, in init_models
    db.database.create_tables(ms)
  File "/usr/local/lib/python3.6/dist-packages/peewee.py", line 2995, in create_tables
    model.create_table(**options)
  File "/usr/local/lib/python3.6/dist-packages/peewee.py", line 6012, in create_table
    cls._schema.create_all(safe, **options)
  File "/usr/local/lib/python3.6/dist-packages/peewee.py", line 5226, in create_all
    self.create_indexes(safe=safe)
  File "/usr/local/lib/python3.6/dist-packages/peewee.py", line 5140, in create_indexes
    self.database.execute(query)
  File "/usr/local/lib/python3.6/dist-packages/peewee.py", line 2848, in execute
    return self.execute_sql(sql, params, commit=commit)
  File "/usr/local/lib/python3.6/dist-packages/peewee.py", line 2842, in execute_sql
    self.commit()
  File "/usr/local/lib/python3.6/dist-packages/peewee.py", line 2627, in __exit__
    reraise(new_type, new_type(*exc_args), traceback)
  File "/usr/local/lib/python3.6/dist-packages/peewee.py", line 178, in reraise
    raise value.with_traceback(tb)
  File "/usr/local/lib/python3.6/dist-packages/peewee.py", line 2835, in execute_sql
    cursor.execute(sql, params or ())
peewee.ProgrammingError: column "spec_id" does not exist

2019-03-16 10:58:05,904 [MainThread  ] [WARNI]   * Debugger is active!
2019-03-16 10:59:37,714 [MainThread  ] [ERROR]  [Errno 98] Address already in use
Traceback (most recent call last):
  File "run.py", line 41, in <module>
    APP.run()
  File "/usr/local/lib/python3.6/dist-packages/flask/app.py", line 943, in run
    run_simple(host, port, self, **options)
  File "/home/galina/.local/lib/python3.6/site-packages/werkzeug/serving.py", line 795, in run_simple
    s.bind(get_sockaddr(hostname, port, address_family))
OSError: [Errno 98] Address already in use
2019-03-16 11:00:23,650 [MainThread  ] [WARNI]   * Debugger is active!
2019-03-16 11:31:28,391 [MainThread  ] [WARNI]   * Debugger is active!
2019-03-16 11:39:47,173 [MainThread  ] [WARNI]   * Debugger is active!
2019-03-16 12:24:31,707 [MainThread  ] [WARNI]   * Debugger is active!
2019-03-16 12:25:43,291 [MainThread  ] [ERROR]  FATAL:  password authentication failed for user "shagalla"
FATAL:  password authentication failed for user "shagalla"
Traceback (most recent call last):
  File "run.py", line 40, in <module>
    from application import APP
  File "/home/galina/Downloads/ls_source/application.py", line 23, in <module>
    init_models(DB)
  File "/home/galina/Downloads/ls_source/models/__init__.py", line 17, in init_models
    db.database.create_tables(ms)
  File "/usr/local/lib/python2.7/dist-packages/peewee.py", line 2995, in create_tables
    model.create_table(**options)
  File "/usr/local/lib/python2.7/dist-packages/peewee.py", line 6008, in create_table
    and cls.table_exists():
  File "/usr/local/lib/python2.7/dist-packages/peewee.py", line 5998, in table_exists
    return cls._schema.database.table_exists(M.table.__name__, M.schema)
  File "/usr/local/lib/python2.7/dist-packages/peewee.py", line 2973, in table_exists
    return table_name in self.get_tables(schema=schema)
  File "/usr/local/lib/python2.7/dist-packages/peewee.py", line 3447, in get_tables
    cursor = self.execute_sql(query, (schema or 'public',))
  File "/usr/local/lib/python2.7/dist-packages/peewee.py", line 2842, in execute_sql
    self.commit()
  File "/usr/local/lib/python2.7/dist-packages/peewee.py", line 2627, in __exit__
    reraise(new_type, new_type(*exc_args), traceback)
  File "/usr/local/lib/python2.7/dist-packages/peewee.py", line 2833, in execute_sql
    cursor = self.cursor(commit)
  File "/usr/local/lib/python2.7/dist-packages/peewee.py", line 2819, in cursor
    self.connect()
  File "/usr/local/lib/python2.7/dist-packages/peewee.py", line 2780, in connect
    self._initialize_connection(self._state.conn)
  File "/usr/local/lib/python2.7/dist-packages/peewee.py", line 2627, in __exit__
    reraise(new_type, new_type(*exc_args), traceback)
  File "/usr/local/lib/python2.7/dist-packages/peewee.py", line 2777, in connect
    self._state.set_connection(self._connect())
  File "/usr/local/lib/python2.7/dist-packages/peewee.py", line 3425, in _connect
    conn = psycopg2.connect(database=self.database, **self.connect_params)
  File "/usr/local/lib/python2.7/dist-packages/psycopg2/__init__.py", line 130, in connect
    conn = _connect(dsn, connection_factory=connection_factory, **kwasync)
OperationalError: FATAL:  password authentication failed for user "shagalla"
FATAL:  password authentication failed for user "shagalla"

2019-03-16 12:26:53,543 [MainThread  ] [ERROR]  FATAL:  password authentication failed for user "tigal"
FATAL:  password authentication failed for user "tigal"
Traceback (most recent call last):
  File "run.py", line 40, in <module>
    from application import APP
  File "/home/galina/Downloads/ls_source/application.py", line 23, in <module>
    init_models(DB)
  File "/home/galina/Downloads/ls_source/models/__init__.py", line 17, in init_models
    db.database.create_tables(ms)
  File "/usr/local/lib/python2.7/dist-packages/peewee.py", line 2995, in create_tables
    model.create_table(**options)
  File "/usr/local/lib/python2.7/dist-packages/peewee.py", line 6008, in create_table
    and cls.table_exists():
  File "/usr/local/lib/python2.7/dist-packages/peewee.py", line 5998, in table_exists
    return cls._schema.database.table_exists(M.table.__name__, M.schema)
  File "/usr/local/lib/python2.7/dist-packages/peewee.py", line 2973, in table_exists
    return table_name in self.get_tables(schema=schema)
  File "/usr/local/lib/python2.7/dist-packages/peewee.py", line 3447, in get_tables
    cursor = self.execute_sql(query, (schema or 'public',))
  File "/usr/local/lib/python2.7/dist-packages/peewee.py", line 2842, in execute_sql
    self.commit()
  File "/usr/local/lib/python2.7/dist-packages/peewee.py", line 2627, in __exit__
    reraise(new_type, new_type(*exc_args), traceback)
  File "/usr/local/lib/python2.7/dist-packages/peewee.py", line 2833, in execute_sql
    cursor = self.cursor(commit)
  File "/usr/local/lib/python2.7/dist-packages/peewee.py", line 2819, in cursor
    self.connect()
  File "/usr/local/lib/python2.7/dist-packages/peewee.py", line 2780, in connect
    self._initialize_connection(self._state.conn)
  File "/usr/local/lib/python2.7/dist-packages/peewee.py", line 2627, in __exit__
    reraise(new_type, new_type(*exc_args), traceback)
  File "/usr/local/lib/python2.7/dist-packages/peewee.py", line 2777, in connect
    self._state.set_connection(self._connect())
  File "/usr/local/lib/python2.7/dist-packages/peewee.py", line 3425, in _connect
    conn = psycopg2.connect(database=self.database, **self.connect_params)
  File "/usr/local/lib/python2.7/dist-packages/psycopg2/__init__.py", line 130, in connect
    conn = _connect(dsn, connection_factory=connection_factory, **kwasync)
OperationalError: FATAL:  password authentication failed for user "tigal"
FATAL:  password authentication failed for user "tigal"

2019-03-16 12:28:31,369 [MainThread  ] [WARNI]   * Debugger is active!
2019-03-16 12:43:36,210 [MainThread  ] [WARNI]   * Debugger is active!
2019-03-16 12:46:32,119 [MainThread  ] [WARNI]   * Debugger is active!
2019-03-16 12:47:10,977 [MainThread  ] [WARNI]   * Debugger is active!
2019-03-16 12:53:15,679 [MainThread  ] [WARNI]   * Debugger is active!
2019-03-16 12:57:08,597 [MainThread  ] [WARNI]   * Debugger is active!
2019-03-16 12:57:27,494 [MainThread  ] [WARNI]   * Debugger is active!
2019-03-16 13:15:06,909 [MainThread  ] [WARNI]   * Debugger is active!
2019-03-19 18:43:57,175 [MainThread  ] [WARNI]   * Debugger is active!
2019-03-19 18:57:57,582 [MainThread  ] [ERROR]  over-determined primary key Course_themes.
Traceback (most recent call last):
  File "run.py", line 40, in <module>
    from application import APP
  File "/home/galina/Downloads/ls_source/application.py", line 23, in <module>
    init_models(DB)
  File "/home/galina/Downloads/ls_source/models/__init__.py", line 10, in init_models
    from models.course import Course
  File "/home/galina/Downloads/ls_source/models/course.py", line 24, in <module>
    class Course_themes(DB.Model):
  File "/usr/local/lib/python2.7/dist-packages/peewee.py", line 5588, in __new__
    raise ValueError('over-determined primary key %s.' % name)
ValueError: over-determined primary key Course_themes.
2019-03-19 19:02:41,426 [MainThread  ] [ERROR]  over-determined primary key Course_themes.
Traceback (most recent call last):
  File "run.py", line 40, in <module>
    from application import APP
  File "/home/galina/Downloads/ls_source/application.py", line 23, in <module>
    init_models(DB)
  File "/home/galina/Downloads/ls_source/models/__init__.py", line 10, in init_models
    from models.course import Course
  File "/home/galina/Downloads/ls_source/models/course.py", line 24, in <module>
    class Course_themes(DB.Model):
  File "/usr/local/lib/python2.7/dist-packages/peewee.py", line 5588, in __new__
    raise ValueError('over-determined primary key %s.' % name)
ValueError: over-determined primary key Course_themes.
2019-03-19 19:02:43,836 [MainThread  ] [ERROR]  over-determined primary key Course_themes.
Traceback (most recent call last):
  File "run.py", line 40, in <module>
    from application import APP
  File "/home/galina/Downloads/ls_source/application.py", line 23, in <module>
    init_models(DB)
  File "/home/galina/Downloads/ls_source/models/__init__.py", line 10, in init_models
    from models.course import Course
  File "/home/galina/Downloads/ls_source/models/course.py", line 24, in <module>
    class Course_themes(DB.Model):
  File "/usr/local/lib/python2.7/dist-packages/peewee.py", line 5588, in __new__
    raise ValueError('over-determined primary key %s.' % name)
ValueError: over-determined primary key Course_themes.
2019-03-19 19:03:15,697 [MainThread  ] [ERROR]  over-determined primary key Course_themes.
Traceback (most recent call last):
  File "run.py", line 40, in <module>
    from application import APP
  File "/home/galina/Downloads/ls_source/application.py", line 23, in <module>
    init_models(DB)
  File "/home/galina/Downloads/ls_source/models/__init__.py", line 10, in init_models
    from models.course import Course
  File "/home/galina/Downloads/ls_source/models/course.py", line 24, in <module>
    class Course_themes(DB.Model):
  File "/usr/local/lib/python2.7/dist-packages/peewee.py", line 5588, in __new__
    raise ValueError('over-determined primary key %s.' % name)
ValueError: over-determined primary key Course_themes.
2019-03-19 19:04:05,810 [MainThread  ] [WARNI]   * Debugger is active!
2019-03-19 19:14:07,475 [MainThread  ] [ERROR]  [Errno 98] Address already in use
Traceback (most recent call last):
  File "run.py", line 41, in <module>
    APP.run()
  File "/home/galina/.local/lib/python2.7/site-packages/flask/app.py", line 943, in run
    run_simple(host, port, self, **options)
  File "/home/galina/.local/lib/python2.7/site-packages/werkzeug/serving.py", line 795, in run_simple
    s.bind(get_sockaddr(hostname, port, address_family))
  File "/usr/lib/python2.7/socket.py", line 228, in meth
    return getattr(self._sock,name)(*args)
error: [Errno 98] Address already in use
2019-03-19 19:14:23,636 [MainThread  ] [ERROR]  [Errno 98] Address already in use
Traceback (most recent call last):
  File "run.py", line 41, in <module>
    APP.run()
  File "/home/galina/.local/lib/python2.7/site-packages/flask/app.py", line 943, in run
    run_simple(host, port, self, **options)
  File "/home/galina/.local/lib/python2.7/site-packages/werkzeug/serving.py", line 795, in run_simple
    s.bind(get_sockaddr(hostname, port, address_family))
  File "/usr/lib/python2.7/socket.py", line 228, in meth
    return getattr(self._sock,name)(*args)
error: [Errno 98] Address already in use
2019-03-19 19:14:44,068 [MainThread  ] [WARNI]   * Debugger is active!
2019-03-19 20:04:40,856 [MainThread  ] [WARNI]   * Debugger is active!
2019-03-19 20:09:09,583 [MainThread  ] [WARNI]   * Debugger is active!
2019-03-19 20:10:03,471 [MainThread  ] [ERROR]  there is no unique constraint matching given keys for referenced table "students"
Traceback (most recent call last):
  File "run.py", line 40, in <module>
    from application import APP
  File "/home/galina/Downloads/ls_source/application.py", line 23, in <module>
    init_models(DB)
  File "/home/galina/Downloads/ls_source/models/__init__.py", line 18, in init_models
    db.database.create_tables(ms)
  File "/usr/local/lib/python2.7/dist-packages/peewee.py", line 2995, in create_tables
    model.create_table(**options)
  File "/usr/local/lib/python2.7/dist-packages/peewee.py", line 6012, in create_table
    cls._schema.create_all(safe, **options)
  File "/usr/local/lib/python2.7/dist-packages/peewee.py", line 5225, in create_all
    self.create_table(safe, **table_options)
  File "/usr/local/lib/python2.7/dist-packages/peewee.py", line 5111, in create_table
    self.database.execute(self._create_table(safe=safe, **options))
  File "/usr/local/lib/python2.7/dist-packages/peewee.py", line 2848, in execute
    return self.execute_sql(sql, params, commit=commit)
  File "/usr/local/lib/python2.7/dist-packages/peewee.py", line 2842, in execute_sql
    self.commit()
  File "/usr/local/lib/python2.7/dist-packages/peewee.py", line 2627, in __exit__
    reraise(new_type, new_type(*exc_args), traceback)
  File "/usr/local/lib/python2.7/dist-packages/peewee.py", line 2835, in execute_sql
    cursor.execute(sql, params or ())
ProgrammingError: there is no unique constraint matching given keys for referenced table "students"

2019-03-19 20:12:05,153 [MainThread  ] [ERROR]  there is no unique constraint matching given keys for referenced table "students"
Traceback (most recent call last):
  File "run.py", line 40, in <module>
    from application import APP
  File "/home/galina/Downloads/ls_source/application.py", line 23, in <module>
    init_models(DB)
  File "/home/galina/Downloads/ls_source/models/__init__.py", line 18, in init_models
    db.database.create_tables(ms)
  File "/usr/local/lib/python2.7/dist-packages/peewee.py", line 2995, in create_tables
    model.create_table(**options)
  File "/usr/local/lib/python2.7/dist-packages/peewee.py", line 6012, in create_table
    cls._schema.create_all(safe, **options)
  File "/usr/local/lib/python2.7/dist-packages/peewee.py", line 5225, in create_all
    self.create_table(safe, **table_options)
  File "/usr/local/lib/python2.7/dist-packages/peewee.py", line 5111, in create_table
    self.database.execute(self._create_table(safe=safe, **options))
  File "/usr/local/lib/python2.7/dist-packages/peewee.py", line 2848, in execute
    return self.execute_sql(sql, params, commit=commit)
  File "/usr/local/lib/python2.7/dist-packages/peewee.py", line 2842, in execute_sql
    self.commit()
  File "/usr/local/lib/python2.7/dist-packages/peewee.py", line 2627, in __exit__
    reraise(new_type, new_type(*exc_args), traceback)
  File "/usr/local/lib/python2.7/dist-packages/peewee.py", line 2835, in execute_sql
    cursor.execute(sql, params or ())
ProgrammingError: there is no unique constraint matching given keys for referenced table "students"

2019-03-19 20:12:31,329 [MainThread  ] [ERROR]  column "theme_id" does not exist
Traceback (most recent call last):
  File "run.py", line 40, in <module>
    from application import APP
  File "/home/galina/Downloads/ls_source/application.py", line 23, in <module>
    init_models(DB)
  File "/home/galina/Downloads/ls_source/models/__init__.py", line 18, in init_models
    db.database.create_tables(ms)
  File "/usr/local/lib/python2.7/dist-packages/peewee.py", line 2995, in create_tables
    model.create_table(**options)
  File "/usr/local/lib/python2.7/dist-packages/peewee.py", line 6012, in create_table
    cls._schema.create_all(safe, **options)
  File "/usr/local/lib/python2.7/dist-packages/peewee.py", line 5226, in create_all
    self.create_indexes(safe=safe)
  File "/usr/local/lib/python2.7/dist-packages/peewee.py", line 5140, in create_indexes
    self.database.execute(query)
  File "/usr/local/lib/python2.7/dist-packages/peewee.py", line 2848, in execute
    return self.execute_sql(sql, params, commit=commit)
  File "/usr/local/lib/python2.7/dist-packages/peewee.py", line 2842, in execute_sql
    self.commit()
  File "/usr/local/lib/python2.7/dist-packages/peewee.py", line 2627, in __exit__
    reraise(new_type, new_type(*exc_args), traceback)
  File "/usr/local/lib/python2.7/dist-packages/peewee.py", line 2835, in execute_sql
    cursor.execute(sql, params or ())
ProgrammingError: column "theme_id" does not exist

2019-03-19 20:13:44,946 [MainThread  ] [ERROR]  column "theme_id" does not exist
Traceback (most recent call last):
  File "run.py", line 40, in <module>
    from application import APP
  File "/home/galina/Downloads/ls_source/application.py", line 23, in <module>
    init_models(DB)
  File "/home/galina/Downloads/ls_source/models/__init__.py", line 18, in init_models
    db.database.create_tables(ms)
  File "/usr/local/lib/python2.7/dist-packages/peewee.py", line 2995, in create_tables
    model.create_table(**options)
  File "/usr/local/lib/python2.7/dist-packages/peewee.py", line 6012, in create_table
    cls._schema.create_all(safe, **options)
  File "/usr/local/lib/python2.7/dist-packages/peewee.py", line 5226, in create_all
    self.create_indexes(safe=safe)
  File "/usr/local/lib/python2.7/dist-packages/peewee.py", line 5140, in create_indexes
    self.database.execute(query)
  File "/usr/local/lib/python2.7/dist-packages/peewee.py", line 2848, in execute
    return self.execute_sql(sql, params, commit=commit)
  File "/usr/local/lib/python2.7/dist-packages/peewee.py", line 2842, in execute_sql
    self.commit()
  File "/usr/local/lib/python2.7/dist-packages/peewee.py", line 2627, in __exit__
    reraise(new_type, new_type(*exc_args), traceback)
  File "/usr/local/lib/python2.7/dist-packages/peewee.py", line 2835, in execute_sql
    cursor.execute(sql, params or ())
ProgrammingError: column "theme_id" does not exist

2019-03-19 20:14:34,198 [MainThread  ] [ERROR]  column "theme_id" does not exist
Traceback (most recent call last):
  File "run.py", line 40, in <module>
    from application import APP
  File "/home/galina/Downloads/ls_source/application.py", line 23, in <module>
    init_models(DB)
  File "/home/galina/Downloads/ls_source/models/__init__.py", line 18, in init_models
    db.database.create_tables(ms)
  File "/usr/local/lib/python2.7/dist-packages/peewee.py", line 2995, in create_tables
    model.create_table(**options)
  File "/usr/local/lib/python2.7/dist-packages/peewee.py", line 6012, in create_table
    cls._schema.create_all(safe, **options)
  File "/usr/local/lib/python2.7/dist-packages/peewee.py", line 5226, in create_all
    self.create_indexes(safe=safe)
  File "/usr/local/lib/python2.7/dist-packages/peewee.py", line 5140, in create_indexes
    self.database.execute(query)
  File "/usr/local/lib/python2.7/dist-packages/peewee.py", line 2848, in execute
    return self.execute_sql(sql, params, commit=commit)
  File "/usr/local/lib/python2.7/dist-packages/peewee.py", line 2842, in execute_sql
    self.commit()
  File "/usr/local/lib/python2.7/dist-packages/peewee.py", line 2627, in __exit__
    reraise(new_type, new_type(*exc_args), traceback)
  File "/usr/local/lib/python2.7/dist-packages/peewee.py", line 2835, in execute_sql
    cursor.execute(sql, params or ())
ProgrammingError: column "theme_id" does not exist

2019-03-19 20:16:07,998 [MainThread  ] [ERROR]  column "theme_id" does not exist
Traceback (most recent call last):
  File "/home/galina/Downloads/ls_source/run.py", line 40, in <module>
    from application import APP
  File "/home/galina/Downloads/ls_source/application.py", line 23, in <module>
    init_models(DB)
  File "/home/galina/Downloads/ls_source/models/__init__.py", line 18, in init_models
    db.database.create_tables(ms)
  File "/usr/local/lib/python2.7/dist-packages/peewee.py", line 2995, in create_tables
    model.create_table(**options)
  File "/usr/local/lib/python2.7/dist-packages/peewee.py", line 6012, in create_table
    cls._schema.create_all(safe, **options)
  File "/usr/local/lib/python2.7/dist-packages/peewee.py", line 5226, in create_all
    self.create_indexes(safe=safe)
  File "/usr/local/lib/python2.7/dist-packages/peewee.py", line 5140, in create_indexes
    self.database.execute(query)
  File "/usr/local/lib/python2.7/dist-packages/peewee.py", line 2848, in execute
    return self.execute_sql(sql, params, commit=commit)
  File "/usr/local/lib/python2.7/dist-packages/peewee.py", line 2842, in execute_sql
    self.commit()
  File "/usr/local/lib/python2.7/dist-packages/peewee.py", line 2627, in __exit__
    reraise(new_type, new_type(*exc_args), traceback)
  File "/usr/local/lib/python2.7/dist-packages/peewee.py", line 2835, in execute_sql
    cursor.execute(sql, params or ())
ProgrammingError: column "theme_id" does not exist

2019-03-19 20:16:26,522 [MainThread  ] [ERROR]  column "theme_id" does not exist
Traceback (most recent call last):
  File "/home/galina/Downloads/ls_source/run.py", line 40, in <module>
    from application import APP
  File "/home/galina/Downloads/ls_source/application.py", line 23, in <module>
    init_models(DB)
  File "/home/galina/Downloads/ls_source/models/__init__.py", line 18, in init_models
    db.database.create_tables(ms)
  File "/usr/local/lib/python2.7/dist-packages/peewee.py", line 2995, in create_tables
    model.create_table(**options)
  File "/usr/local/lib/python2.7/dist-packages/peewee.py", line 6012, in create_table
    cls._schema.create_all(safe, **options)
  File "/usr/local/lib/python2.7/dist-packages/peewee.py", line 5226, in create_all
    self.create_indexes(safe=safe)
  File "/usr/local/lib/python2.7/dist-packages/peewee.py", line 5140, in create_indexes
    self.database.execute(query)
  File "/usr/local/lib/python2.7/dist-packages/peewee.py", line 2848, in execute
    return self.execute_sql(sql, params, commit=commit)
  File "/usr/local/lib/python2.7/dist-packages/peewee.py", line 2839, in execute_sql
    raise
  File "/usr/local/lib/python2.7/dist-packages/peewee.py", line 2627, in __exit__
    reraise(new_type, new_type(*exc_args), traceback)
  File "/usr/local/lib/python2.7/dist-packages/peewee.py", line 2835, in execute_sql
    cursor.execute(sql, params or ())
ProgrammingError: column "theme_id" does not exist

2019-03-19 20:17:45,956 [MainThread  ] [ERROR]  column "theme_id" does not exist
Traceback (most recent call last):
  File "run.py", line 40, in <module>
    from application import APP
  File "/home/galina/Downloads/ls_source/application.py", line 23, in <module>
    init_models(DB)
  File "/home/galina/Downloads/ls_source/models/__init__.py", line 18, in init_models
    db.database.create_tables(ms)
  File "/usr/local/lib/python2.7/dist-packages/peewee.py", line 2995, in create_tables
    model.create_table(**options)
  File "/usr/local/lib/python2.7/dist-packages/peewee.py", line 6012, in create_table
    cls._schema.create_all(safe, **options)
  File "/usr/local/lib/python2.7/dist-packages/peewee.py", line 5226, in create_all
    self.create_indexes(safe=safe)
  File "/usr/local/lib/python2.7/dist-packages/peewee.py", line 5140, in create_indexes
    self.database.execute(query)
  File "/usr/local/lib/python2.7/dist-packages/peewee.py", line 2848, in execute
    return self.execute_sql(sql, params, commit=commit)
  File "/usr/local/lib/python2.7/dist-packages/peewee.py", line 2842, in execute_sql
    self.commit()
  File "/usr/local/lib/python2.7/dist-packages/peewee.py", line 2627, in __exit__
    reraise(new_type, new_type(*exc_args), traceback)
  File "/usr/local/lib/python2.7/dist-packages/peewee.py", line 2835, in execute_sql
    cursor.execute(sql, params or ())
ProgrammingError: column "theme_id" does not exist

2019-03-19 20:22:32,121 [MainThread  ] [ERROR]  column "course_theme_id" does not exist
Traceback (most recent call last):
  File "run.py", line 40, in <module>
    from application import APP
  File "/home/galina/Downloads/ls_source/application.py", line 23, in <module>
    init_models(DB)
  File "/home/galina/Downloads/ls_source/models/__init__.py", line 18, in init_models
    db.database.create_tables(ms)
  File "/usr/local/lib/python2.7/dist-packages/peewee.py", line 2995, in create_tables
    model.create_table(**options)
  File "/usr/local/lib/python2.7/dist-packages/peewee.py", line 6012, in create_table
    cls._schema.create_all(safe, **options)
  File "/usr/local/lib/python2.7/dist-packages/peewee.py", line 5226, in create_all
    self.create_indexes(safe=safe)
  File "/usr/local/lib/python2.7/dist-packages/peewee.py", line 5140, in create_indexes
    self.database.execute(query)
  File "/usr/local/lib/python2.7/dist-packages/peewee.py", line 2848, in execute
    return self.execute_sql(sql, params, commit=commit)
  File "/usr/local/lib/python2.7/dist-packages/peewee.py", line 2842, in execute_sql
    self.commit()
  File "/usr/local/lib/python2.7/dist-packages/peewee.py", line 2627, in __exit__
    reraise(new_type, new_type(*exc_args), traceback)
  File "/usr/local/lib/python2.7/dist-packages/peewee.py", line 2835, in execute_sql
    cursor.execute(sql, params or ())
ProgrammingError: column "course_theme_id" does not exist

2019-03-19 20:23:36,844 [MainThread  ] [ERROR]  column "question_id" does not exist
Traceback (most recent call last):
  File "run.py", line 40, in <module>
    from application import APP
  File "/home/galina/Downloads/ls_source/application.py", line 23, in <module>
    init_models(DB)
  File "/home/galina/Downloads/ls_source/models/__init__.py", line 18, in init_models
    db.database.create_tables(ms)
  File "/usr/local/lib/python2.7/dist-packages/peewee.py", line 2995, in create_tables
    model.create_table(**options)
  File "/usr/local/lib/python2.7/dist-packages/peewee.py", line 6012, in create_table
    cls._schema.create_all(safe, **options)
  File "/usr/local/lib/python2.7/dist-packages/peewee.py", line 5226, in create_all
    self.create_indexes(safe=safe)
  File "/usr/local/lib/python2.7/dist-packages/peewee.py", line 5140, in create_indexes
    self.database.execute(query)
  File "/usr/local/lib/python2.7/dist-packages/peewee.py", line 2848, in execute
    return self.execute_sql(sql, params, commit=commit)
  File "/usr/local/lib/python2.7/dist-packages/peewee.py", line 2842, in execute_sql
    self.commit()
  File "/usr/local/lib/python2.7/dist-packages/peewee.py", line 2627, in __exit__
    reraise(new_type, new_type(*exc_args), traceback)
  File "/usr/local/lib/python2.7/dist-packages/peewee.py", line 2835, in execute_sql
    cursor.execute(sql, params or ())
ProgrammingError: column "question_id" does not exist

2019-03-19 20:23:44,592 [MainThread  ] [WARNI]   * Debugger is active!
2019-03-19 20:24:26,441 [MainThread  ] [ERROR]  name 'Specialization' is not defined
Traceback (most recent call last):
  File "run.py", line 40, in <module>
    from application import APP
  File "/home/galina/Downloads/ls_source/application.py", line 23, in <module>
    init_models(DB)
  File "/home/galina/Downloads/ls_source/models/__init__.py", line 10, in init_models
    from models.student import Student, Student_answers
  File "/home/galina/Downloads/ls_source/models/student.py", line 7, in <module>
    class Course(DB.Model):
  File "/home/galina/Downloads/ls_source/models/student.py", line 12, in Course
    spec_id = ForeignKeyField(Specialization, to_field= 'spec_id')
NameError: name 'Specialization' is not defined
2019-03-19 20:24:42,127 [MainThread  ] [ERROR]  cannot import name Course
Traceback (most recent call last):
  File "run.py", line 40, in <module>
    from application import APP
  File "/home/galina/Downloads/ls_source/application.py", line 23, in <module>
    init_models(DB)
  File "/home/galina/Downloads/ls_source/models/__init__.py", line 11, in init_models
    from models.course import Course,Course_themes,Questions
ImportError: cannot import name Course
2019-03-19 20:25:08,891 [MainThread  ] [ERROR]  column "theme_id" does not exist
Traceback (most recent call last):
  File "run.py", line 40, in <module>
    from application import APP
  File "/home/galina/Downloads/ls_source/application.py", line 23, in <module>
    init_models(DB)
  File "/home/galina/Downloads/ls_source/models/__init__.py", line 17, in init_models
    db.database.create_tables(ms)
  File "/usr/local/lib/python2.7/dist-packages/peewee.py", line 2995, in create_tables
    model.create_table(**options)
  File "/usr/local/lib/python2.7/dist-packages/peewee.py", line 6012, in create_table
    cls._schema.create_all(safe, **options)
  File "/usr/local/lib/python2.7/dist-packages/peewee.py", line 5226, in create_all
    self.create_indexes(safe=safe)
  File "/usr/local/lib/python2.7/dist-packages/peewee.py", line 5140, in create_indexes
    self.database.execute(query)
  File "/usr/local/lib/python2.7/dist-packages/peewee.py", line 2848, in execute
    return self.execute_sql(sql, params, commit=commit)
  File "/usr/local/lib/python2.7/dist-packages/peewee.py", line 2842, in execute_sql
    self.commit()
  File "/usr/local/lib/python2.7/dist-packages/peewee.py", line 2627, in __exit__
    reraise(new_type, new_type(*exc_args), traceback)
  File "/usr/local/lib/python2.7/dist-packages/peewee.py", line 2835, in execute_sql
    cursor.execute(sql, params or ())
ProgrammingError: column "theme_id" does not exist

2019-03-19 20:26:10,488 [MainThread  ] [WARNI]   * Debugger is active!
2019-03-20 10:54:14,275 [MainThread  ] [WARNI]   * Debugger is active!
2019-03-20 10:57:54,394 [MainThread  ] [WARNI]   * Debugger is active!
2019-03-20 11:00:23,684 [MainThread  ] [WARNI]   * Debugger is active!
2019-03-20 11:00:37,485 [MainThread  ] [WARNI]   * Debugger is active!
2019-03-20 11:07:05,400 [MainThread  ] [ERROR]  column "theme_id" does not exist
Traceback (most recent call last):
  File "run.py", line 40, in <module>
    from application import APP
  File "/home/galina/Downloads/ls_source/application.py", line 23, in <module>
    init_models(DB)
  File "/home/galina/Downloads/ls_source/models/__init__.py", line 18, in init_models
    db.database.create_tables(ms)
  File "/usr/local/lib/python2.7/dist-packages/peewee.py", line 2995, in create_tables
    model.create_table(**options)
  File "/usr/local/lib/python2.7/dist-packages/peewee.py", line 6012, in create_table
    cls._schema.create_all(safe, **options)
  File "/usr/local/lib/python2.7/dist-packages/peewee.py", line 5226, in create_all
    self.create_indexes(safe=safe)
  File "/usr/local/lib/python2.7/dist-packages/peewee.py", line 5140, in create_indexes
    self.database.execute(query)
  File "/usr/local/lib/python2.7/dist-packages/peewee.py", line 2848, in execute
    return self.execute_sql(sql, params, commit=commit)
  File "/usr/local/lib/python2.7/dist-packages/peewee.py", line 2842, in execute_sql
    self.commit()
  File "/usr/local/lib/python2.7/dist-packages/peewee.py", line 2627, in __exit__
    reraise(new_type, new_type(*exc_args), traceback)
  File "/usr/local/lib/python2.7/dist-packages/peewee.py", line 2835, in execute_sql
    cursor.execute(sql, params or ())
ProgrammingError: column "theme_id" does not exist

2019-03-20 11:08:30,963 [MainThread  ] [WARNI]   * Debugger is active!
2019-03-20 11:09:18,097 [MainThread  ] [WARNI]   * Debugger is active!
2019-03-20 11:10:06,161 [MainThread  ] [WARNI]   * Debugger is active!
2019-03-20 11:13:30,833 [MainThread  ] [WARNI]   * Debugger is active!
2019-03-20 11:13:58,002 [MainThread  ] [WARNI]   * Debugger is active!
2019-03-20 11:15:07,124 [MainThread  ] [WARNI]   * Debugger is active!
2019-03-20 11:15:49,480 [MainThread  ] [ERROR]  cannot drop table themes because other objects depend on it
DETAIL:  constraint questions_theme_id_fkey on table questions depends on table themes
HINT:  Use DROP ... CASCADE to drop the dependent objects too.
Traceback (most recent call last):
  File "run.py", line 40, in <module>
    from application import APP
  File "/home/galina/Downloads/ls_source/application.py", line 23, in <module>
    init_models(DB)
  File "/home/galina/Downloads/ls_source/models/__init__.py", line 17, in init_models
    db.database.drop_tables(ms)
  File "/usr/local/lib/python2.7/dist-packages/peewee.py", line 2999, in drop_tables
    model.drop_table(**kwargs)
  File "/usr/local/lib/python2.7/dist-packages/peewee.py", line 6021, in drop_table
    cls._schema.drop_all(safe, drop_sequences, **options)
  File "/usr/local/lib/python2.7/dist-packages/peewee.py", line 5235, in drop_all
    self.drop_table(safe, **options)
  File "/usr/local/lib/python2.7/dist-packages/peewee.py", line 5124, in drop_table
    self.database.execute(self._drop_table(safe=safe, **options))
  File "/usr/local/lib/python2.7/dist-packages/peewee.py", line 2848, in execute
    return self.execute_sql(sql, params, commit=commit)
  File "/usr/local/lib/python2.7/dist-packages/peewee.py", line 2842, in execute_sql
    self.commit()
  File "/usr/local/lib/python2.7/dist-packages/peewee.py", line 2627, in __exit__
    reraise(new_type, new_type(*exc_args), traceback)
  File "/usr/local/lib/python2.7/dist-packages/peewee.py", line 2835, in execute_sql
    cursor.execute(sql, params or ())
InternalError: cannot drop table themes because other objects depend on it
DETAIL:  constraint questions_theme_id_fkey on table questions depends on table themes
HINT:  Use DROP ... CASCADE to drop the dependent objects too.

2019-03-20 11:35:50,941 [MainThread  ] [WARNI]   * Debugger is active!
2019-03-23 11:26:00,487 [MainThread  ] [ERROR]  No module named category
Traceback (most recent call last):
  File "run.py", line 40, in <module>
    from application import APP
  File "/home/galina/Downloads/ls_source/application.py", line 26, in <module>
    init_api(API)
  File "/home/galina/Downloads/ls_source/services/pw_api.py", line 8, in init_api
    from models.category import Category
ImportError: No module named category
2019-03-23 11:26:56,200 [MainThread  ] [ERROR]  No module named customer
Traceback (most recent call last):
  File "run.py", line 40, in <module>
    from application import APP
  File "/home/galina/Downloads/ls_source/application.py", line 26, in <module>
    init_api(API)
  File "/home/galina/Downloads/ls_source/services/pw_api.py", line 9, in init_api
    from models.customer import Customer
ImportError: No module named customer
2019-03-23 11:28:12,121 [MainThread  ] [ERROR]  No module named customer
Traceback (most recent call last):
  File "run.py", line 40, in <module>
    from application import APP
  File "/home/galina/Downloads/ls_source/application.py", line 28, in <module>
    ADMIN = init_admin(APP, DB)  # РРЅРёС†РёРёСЂСѓРµРј РђРґРјРёРЅРєСѓ
  File "/home/galina/Downloads/ls_source/ui/admin.py", line 26, in init_admin
    from models.customer import Customer
ImportError: No module named customer
2019-03-23 12:28:33,575 [MainThread  ] [ERROR]  relation "providers" does not exist
Traceback (most recent call last):
  File "run.py", line 40, in <module>
    from application import APP
  File "/home/galina/Downloads/ls_source/application.py", line 23, in <module>
    init_models(DB)
  File "/home/galina/Downloads/ls_source/models/__init__.py", line 18, in init_models
    db.database.create_tables(ms)
  File "/usr/local/lib/python2.7/dist-packages/peewee.py", line 2995, in create_tables
    model.create_table(**options)
  File "/usr/local/lib/python2.7/dist-packages/peewee.py", line 6012, in create_table
    cls._schema.create_all(safe, **options)
  File "/usr/local/lib/python2.7/dist-packages/peewee.py", line 5225, in create_all
    self.create_table(safe, **table_options)
  File "/usr/local/lib/python2.7/dist-packages/peewee.py", line 5111, in create_table
    self.database.execute(self._create_table(safe=safe, **options))
  File "/usr/local/lib/python2.7/dist-packages/peewee.py", line 2848, in execute
    return self.execute_sql(sql, params, commit=commit)
  File "/usr/local/lib/python2.7/dist-packages/peewee.py", line 2842, in execute_sql
    self.commit()
  File "/usr/local/lib/python2.7/dist-packages/peewee.py", line 2627, in __exit__
    reraise(new_type, new_type(*exc_args), traceback)
  File "/usr/local/lib/python2.7/dist-packages/peewee.py", line 2835, in execute_sql
    cursor.execute(sql, params or ())
ProgrammingError: relation "providers" does not exist

2019-03-23 12:31:33,861 [MainThread  ] [WARNI]   * Debugger is active!
2019-03-23 12:33:44,588 [MainThread  ] [WARNI]   * Debugger is active!
2019-03-23 13:01:11,300 [MainThread  ] [WARNI]   * Debugger is active!
2019-04-02 17:23:28,220 [MainThread  ] [ERROR]  cannot import name CourseThemes
Traceback (most recent call last):
  File "run.py", line 40, in <module>
    from application import APP
  File "/home/galina/Downloads/ls_source/application.py", line 23, in <module>
    init_models(DB)
  File "/home/galina/Downloads/ls_source/models/__init__.py", line 10, in init_models
    from models.course import Course,CourseThemes,Questions
  File "/home/galina/Downloads/ls_source/models/course.py", line 5, in <module>
    from models.specialization import Specialization
  File "/home/galina/Downloads/ls_source/models/specialization.py", line 4, in <module>
    from models.student import Student
  File "/home/galina/Downloads/ls_source/models/student.py", line 6, in <module>
    from models.course import CourseThemes,Questions
ImportError: cannot import name CourseThemes
2019-04-02 17:23:46,784 [MainThread  ] [ERROR]  cannot import name CourseThemes
Traceback (most recent call last):
  File "run.py", line 40, in <module>
    from application import APP
  File "/home/galina/Downloads/ls_source/application.py", line 23, in <module>
    init_models(DB)
  File "/home/galina/Downloads/ls_source/models/__init__.py", line 10, in init_models
    from models.course import Course,CourseThemes,Questions
  File "/home/galina/Downloads/ls_source/models/course.py", line 5, in <module>
    from models.specialization import Specialization
  File "/home/galina/Downloads/ls_source/models/specialization.py", line 4, in <module>
    from models.student import Student
  File "/home/galina/Downloads/ls_source/models/student.py", line 6, in <module>
    from models.course import CourseThemes,Questions
ImportError: cannot import name CourseThemes
2019-04-02 17:25:04,358 [MainThread  ] [ERROR]  cannot import name CourseThemes
Traceback (most recent call last):
  File "run.py", line 40, in <module>
    from application import APP
  File "/home/galina/Downloads/ls_source/application.py", line 23, in <module>
    init_models(DB)
  File "/home/galina/Downloads/ls_source/models/__init__.py", line 10, in init_models
    from models.course import Course,CourseThemes,Questions
  File "/home/galina/Downloads/ls_source/models/course.py", line 5, in <module>
    from models.specialization import Specialization
  File "/home/galina/Downloads/ls_source/models/specialization.py", line 4, in <module>
    from models.student import Student
  File "/home/galina/Downloads/ls_source/models/student.py", line 6, in <module>
    from models.course import CourseThemes,Questions
ImportError: cannot import name CourseThemes
2019-04-02 17:25:32,346 [MainThread  ] [ERROR]  cannot import name CourseThemes
Traceback (most recent call last):
  File "run.py", line 40, in <module>
    from application import APP
  File "/home/galina/Downloads/ls_source/application.py", line 23, in <module>
    init_models(DB)
  File "/home/galina/Downloads/ls_source/models/__init__.py", line 10, in init_models
    from models.course import Course,CourseThemes,Questions
  File "/home/galina/Downloads/ls_source/models/course.py", line 5, in <module>
    from models.specialization import Specialization
  File "/home/galina/Downloads/ls_source/models/specialization.py", line 4, in <module>
    from models.student import Student
  File "/home/galina/Downloads/ls_source/models/student.py", line 6, in <module>
    from models.course import CourseThemes,Questions
ImportError: cannot import name CourseThemes
2019-04-02 17:31:51,661 [MainThread  ] [ERROR]  cannot import name CourseThemes
Traceback (most recent call last):
  File "run.py", line 40, in <module>
    from application import APP
  File "/home/galina/Downloads/ls_source/application.py", line 23, in <module>
    init_models(DB)
  File "/home/galina/Downloads/ls_source/models/__init__.py", line 10, in init_models
    from models.course import Course,CourseThemes,Questions
  File "/home/galina/Downloads/ls_source/models/course.py", line 5, in <module>
    from models.specialization import Specialization
  File "/home/galina/Downloads/ls_source/models/specialization.py", line 4, in <module>
    from models.student import Student
  File "/home/galina/Downloads/ls_source/models/student.py", line 6, in <module>
    from models.course import CourseThemes,Questions
ImportError: cannot import name CourseThemes
2019-04-02 17:32:09,502 [MainThread  ] [ERROR]  cannot import name Student
Traceback (most recent call last):
  File "run.py", line 40, in <module>
    from application import APP
  File "/home/galina/Downloads/ls_source/application.py", line 23, in <module>
    init_models(DB)
  File "/home/galina/Downloads/ls_source/models/__init__.py", line 10, in init_models
    from models.student import Student, StudentAnswers
  File "/home/galina/Downloads/ls_source/models/student.py", line 6, in <module>
    from models.course import CourseThemes,Questions
  File "/home/galina/Downloads/ls_source/models/course.py", line 5, in <module>
    from models.specialization import Specialization
  File "/home/galina/Downloads/ls_source/models/specialization.py", line 4, in <module>
    from models.student import Student
ImportError: cannot import name Student
2019-04-02 17:34:15,833 [MainThread  ] [ERROR]  cannot import name Student
Traceback (most recent call last):
  File "run.py", line 40, in <module>
    from application import APP
  File "/home/galina/Downloads/ls_source/application.py", line 23, in <module>
    init_models(DB)
  File "/home/galina/Downloads/ls_source/models/__init__.py", line 10, in init_models
    from models.student import Student
  File "/home/galina/Downloads/ls_source/models/student.py", line 6, in <module>
    from models.course import CourseThemes,Questions
  File "/home/galina/Downloads/ls_source/models/course.py", line 5, in <module>
    from models.specialization import Specialization
  File "/home/galina/Downloads/ls_source/models/specialization.py", line 4, in <module>
    from models.student import Student
ImportError: cannot import name Student
2019-04-02 17:34:55,243 [MainThread  ] [WARNI]   * Debugger is active!
2019-04-02 17:35:32,490 [MainThread  ] [WARNI]   * Debugger is active!
2019-04-02 17:53:20,279 [MainThread  ] [ERROR]  'Database' object has no attribute 'model'
Traceback (most recent call last):
  File "run.py", line 40, in <module>
    from application import APP
  File "/home/galina/Downloads/ls_source/application.py", line 23, in <module>
    init_models(DB)
  File "/home/galina/Downloads/ls_source/models/__init__.py", line 11, in init_models
    from models.course import Course,CourseThemes,Questions
  File "/home/galina/Downloads/ls_source/models/course.py", line 53, in <module>
    class UserDefinedCourse(DB.model):
AttributeError: 'Database' object has no attribute 'model'
2019-04-02 18:07:18,378 [MainThread  ] [ERROR]  'Database' object has no attribute 'model'
Traceback (most recent call last):
  File "run.py", line 40, in <module>
    from application import APP
  File "/home/galina/Downloads/ls_source/application.py", line 23, in <module>
    init_models(DB)
  File "/home/galina/Downloads/ls_source/models/__init__.py", line 12, in init_models
    from models.student_answers import StudentAnswer
  File "/home/galina/Downloads/ls_source/models/student_answers.py", line 8, in <module>
    from models.user_defined import UserDefinedTheme
  File "/home/galina/Downloads/ls_source/models/user_defined.py", line 11, in <module>
    class UserDefinedCourse(DB.model):
AttributeError: 'Database' object has no attribute 'model'
2019-04-02 18:08:13,406 [MainThread  ] [ERROR]  'Database' object has no attribute 'model'
Traceback (most recent call last):
  File "run.py", line 40, in <module>
    from application import APP
  File "/home/galina/Downloads/ls_source/application.py", line 23, in <module>
    init_models(DB)
  File "/home/galina/Downloads/ls_source/models/__init__.py", line 13, in init_models
    from models.user_defined import UserDefinedCourse,UserDefinedTheme
  File "/home/galina/Downloads/ls_source/models/user_defined.py", line 11, in <module>
    class UserDefinedCourse(DB.model):
AttributeError: 'Database' object has no attribute 'model'
2019-04-02 18:09:38,120 [MainThread  ] [ERROR]  'Database' object has no attribute 'model'
Traceback (most recent call last):
  File "run.py", line 40, in <module>
    from application import APP
  File "/home/galina/Downloads/ls_source/application.py", line 23, in <module>
    init_models(DB)
  File "/home/galina/Downloads/ls_source/models/__init__.py", line 13, in init_models
    from models.user_defined import UserDefinedCourse,UserDefinedTheme
  File "/home/galina/Downloads/ls_source/models/user_defined.py", line 12, in <module>
    class UserDefinedCourse(DB.model):
AttributeError: 'Database' object has no attribute 'model'
2019-04-02 18:10:17,602 [MainThread  ] [ERROR]  'Database' object has no attribute 'model'
Traceback (most recent call last):
  File "run.py", line 40, in <module>
    from application import APP
  File "/home/galina/Downloads/ls_source/application.py", line 23, in <module>
    init_models(DB)
  File "/home/galina/Downloads/ls_source/models/__init__.py", line 13, in init_models
    from models.user_defined import UserDefinedCourse,UserDefinedTheme
  File "/home/galina/Downloads/ls_source/models/user_defined.py", line 12, in <module>
    class UserDefinedCourse(DB.model):
AttributeError: 'Database' object has no attribute 'model'
2019-04-02 18:10:46,374 [MainThread  ] [ERROR]  'Database' object has no attribute 'model'
Traceback (most recent call last):
  File "run.py", line 40, in <module>
    from application import APP
  File "/home/galina/Downloads/ls_source/application.py", line 23, in <module>
    init_models(DB)
  File "/home/galina/Downloads/ls_source/models/__init__.py", line 13, in init_models
    from models.user_defined import UserDefinedCourse,UserDefinedTheme
  File "/home/galina/Downloads/ls_source/models/user_defined.py", line 12, in <module>
    class UserDefinedCourse(DB.model):
AttributeError: 'Database' object has no attribute 'model'
2019-04-02 18:13:15,270 [MainThread  ] [ERROR]  cannot drop table students because other objects depend on it
DETAIL:  constraint providers_student_id_fkey on table providers depends on table students
constraint specializations_student_id_fkey on table specializations depends on table students
HINT:  Use DROP ... CASCADE to drop the dependent objects too.
Traceback (most recent call last):
  File "run.py", line 40, in <module>
    from application import APP
  File "/home/galina/Downloads/ls_source/application.py", line 23, in <module>
    init_models(DB)
  File "/home/galina/Downloads/ls_source/models/__init__.py", line 23, in init_models
    db.database.drop_tables(ms)
  File "/usr/local/lib/python2.7/dist-packages/peewee.py", line 2999, in drop_tables
    model.drop_table(**kwargs)
  File "/usr/local/lib/python2.7/dist-packages/peewee.py", line 6021, in drop_table
    cls._schema.drop_all(safe, drop_sequences, **options)
  File "/usr/local/lib/python2.7/dist-packages/peewee.py", line 5235, in drop_all
    self.drop_table(safe, **options)
  File "/usr/local/lib/python2.7/dist-packages/peewee.py", line 5124, in drop_table
    self.database.execute(self._drop_table(safe=safe, **options))
  File "/usr/local/lib/python2.7/dist-packages/peewee.py", line 2848, in execute
    return self.execute_sql(sql, params, commit=commit)
  File "/usr/local/lib/python2.7/dist-packages/peewee.py", line 2842, in execute_sql
    self.commit()
  File "/usr/local/lib/python2.7/dist-packages/peewee.py", line 2627, in __exit__
    reraise(new_type, new_type(*exc_args), traceback)
  File "/usr/local/lib/python2.7/dist-packages/peewee.py", line 2835, in execute_sql
    cursor.execute(sql, params or ())
InternalError: cannot drop table students because other objects depend on it
DETAIL:  constraint providers_student_id_fkey on table providers depends on table students
constraint specializations_student_id_fkey on table specializations depends on table students
HINT:  Use DROP ... CASCADE to drop the dependent objects too.

2019-04-02 18:23:15,931 [MainThread  ] [ERROR]  cannot drop table students because other objects depend on it
DETAIL:  constraint providers_student_id_fkey on table providers depends on table students
constraint specializations_student_id_fkey on table specializations depends on table students
HINT:  Use DROP ... CASCADE to drop the dependent objects too.
Traceback (most recent call last):
  File "run.py", line 40, in <module>
    from application import APP
  File "/home/galina/Downloads/ls_source/application.py", line 23, in <module>
    init_models(DB)
  File "/home/galina/Downloads/ls_source/models/__init__.py", line 23, in init_models
    db.database.drop_tables(ms)
  File "/usr/local/lib/python2.7/dist-packages/peewee.py", line 2999, in drop_tables
    model.drop_table(**kwargs)
  File "/usr/local/lib/python2.7/dist-packages/peewee.py", line 6021, in drop_table
    cls._schema.drop_all(safe, drop_sequences, **options)
  File "/usr/local/lib/python2.7/dist-packages/peewee.py", line 5235, in drop_all
    self.drop_table(safe, **options)
  File "/usr/local/lib/python2.7/dist-packages/peewee.py", line 5124, in drop_table
    self.database.execute(self._drop_table(safe=safe, **options))
  File "/usr/local/lib/python2.7/dist-packages/peewee.py", line 2848, in execute
    return self.execute_sql(sql, params, commit=commit)
  File "/usr/local/lib/python2.7/dist-packages/peewee.py", line 2842, in execute_sql
    self.commit()
  File "/usr/local/lib/python2.7/dist-packages/peewee.py", line 2627, in __exit__
    reraise(new_type, new_type(*exc_args), traceback)
  File "/usr/local/lib/python2.7/dist-packages/peewee.py", line 2835, in execute_sql
    cursor.execute(sql, params or ())
InternalError: cannot drop table students because other objects depend on it
DETAIL:  constraint providers_student_id_fkey on table providers depends on table students
constraint specializations_student_id_fkey on table specializations depends on table students
HINT:  Use DROP ... CASCADE to drop the dependent objects too.

2019-04-02 22:30:08,361 [MainThread  ] [ERROR]  cannot drop table students because other objects depend on it
DETAIL:  constraint providers_student_id_fkey on table providers depends on table students
constraint specializations_student_id_fkey on table specializations depends on table students
HINT:  Use DROP ... CASCADE to drop the dependent objects too.
Traceback (most recent call last):
  File "run.py", line 40, in <module>
    from application import APP
  File "/home/galina/Downloads/ls_source/application.py", line 23, in <module>
    init_models(DB)
  File "/home/galina/Downloads/ls_source/models/__init__.py", line 23, in init_models
    db.database.drop_tables(ms, )
  File "/usr/local/lib/python2.7/dist-packages/peewee.py", line 2999, in drop_tables
    model.drop_table(**kwargs)
  File "/usr/local/lib/python2.7/dist-packages/peewee.py", line 6021, in drop_table
    cls._schema.drop_all(safe, drop_sequences, **options)
  File "/usr/local/lib/python2.7/dist-packages/peewee.py", line 5235, in drop_all
    self.drop_table(safe, **options)
  File "/usr/local/lib/python2.7/dist-packages/peewee.py", line 5124, in drop_table
    self.database.execute(self._drop_table(safe=safe, **options))
  File "/usr/local/lib/python2.7/dist-packages/peewee.py", line 2848, in execute
    return self.execute_sql(sql, params, commit=commit)
  File "/usr/local/lib/python2.7/dist-packages/peewee.py", line 2842, in execute_sql
    self.commit()
  File "/usr/local/lib/python2.7/dist-packages/peewee.py", line 2627, in __exit__
    reraise(new_type, new_type(*exc_args), traceback)
  File "/usr/local/lib/python2.7/dist-packages/peewee.py", line 2835, in execute_sql
    cursor.execute(sql, params or ())
InternalError: cannot drop table students because other objects depend on it
DETAIL:  constraint providers_student_id_fkey on table providers depends on table students
constraint specializations_student_id_fkey on table specializations depends on table students
HINT:  Use DROP ... CASCADE to drop the dependent objects too.

2019-04-02 22:30:25,839 [MainThread  ] [ERROR]  cannot drop table students because other objects depend on it
DETAIL:  constraint providers_student_id_fkey on table providers depends on table students
constraint specializations_student_id_fkey on table specializations depends on table students
HINT:  Use DROP ... CASCADE to drop the dependent objects too.
Traceback (most recent call last):
  File "run.py", line 40, in <module>
    from application import APP
  File "/home/galina/Downloads/ls_source/application.py", line 23, in <module>
    init_models(DB)
  File "/home/galina/Downloads/ls_source/models/__init__.py", line 23, in init_models
    db.database.drop_tables(ms)
  File "/usr/local/lib/python2.7/dist-packages/peewee.py", line 2999, in drop_tables
    model.drop_table(**kwargs)
  File "/usr/local/lib/python2.7/dist-packages/peewee.py", line 6021, in drop_table
    cls._schema.drop_all(safe, drop_sequences, **options)
  File "/usr/local/lib/python2.7/dist-packages/peewee.py", line 5235, in drop_all
    self.drop_table(safe, **options)
  File "/usr/local/lib/python2.7/dist-packages/peewee.py", line 5124, in drop_table
    self.database.execute(self._drop_table(safe=safe, **options))
  File "/usr/local/lib/python2.7/dist-packages/peewee.py", line 2848, in execute
    return self.execute_sql(sql, params, commit=commit)
  File "/usr/local/lib/python2.7/dist-packages/peewee.py", line 2842, in execute_sql
    self.commit()
  File "/usr/local/lib/python2.7/dist-packages/peewee.py", line 2627, in __exit__
    reraise(new_type, new_type(*exc_args), traceback)
  File "/usr/local/lib/python2.7/dist-packages/peewee.py", line 2835, in execute_sql
    cursor.execute(sql, params or ())
InternalError: cannot drop table students because other objects depend on it
DETAIL:  constraint providers_student_id_fkey on table providers depends on table students
constraint specializations_student_id_fkey on table specializations depends on table students
HINT:  Use DROP ... CASCADE to drop the dependent objects too.

2019-04-02 22:35:12,942 [MainThread  ] [ERROR]  cannot drop table providers because other objects depend on it
DETAIL:  constraint courses_provider_id_fkey on table courses depends on table providers
HINT:  Use DROP ... CASCADE to drop the dependent objects too.
Traceback (most recent call last):
  File "run.py", line 40, in <module>
    from application import APP
  File "/home/galina/Downloads/ls_source/application.py", line 23, in <module>
    init_models(DB)
  File "/home/galina/Downloads/ls_source/models/__init__.py", line 19, in init_models
    Provider.drop_table()
  File "/usr/local/lib/python2.7/dist-packages/peewee.py", line 6021, in drop_table
    cls._schema.drop_all(safe, drop_sequences, **options)
  File "/usr/local/lib/python2.7/dist-packages/peewee.py", line 5235, in drop_all
    self.drop_table(safe, **options)
  File "/usr/local/lib/python2.7/dist-packages/peewee.py", line 5124, in drop_table
    self.database.execute(self._drop_table(safe=safe, **options))
  File "/usr/local/lib/python2.7/dist-packages/peewee.py", line 2848, in execute
    return self.execute_sql(sql, params, commit=commit)
  File "/usr/local/lib/python2.7/dist-packages/peewee.py", line 2842, in execute_sql
    self.commit()
  File "/usr/local/lib/python2.7/dist-packages/peewee.py", line 2627, in __exit__
    reraise(new_type, new_type(*exc_args), traceback)
  File "/usr/local/lib/python2.7/dist-packages/peewee.py", line 2835, in execute_sql
    cursor.execute(sql, params or ())
InternalError: cannot drop table providers because other objects depend on it
DETAIL:  constraint courses_provider_id_fkey on table courses depends on table providers
HINT:  Use DROP ... CASCADE to drop the dependent objects too.

2019-04-02 22:35:34,407 [MainThread  ] [ERROR]  cannot drop table providers because other objects depend on it
DETAIL:  constraint courses_provider_id_fkey on table courses depends on table providers
HINT:  Use DROP ... CASCADE to drop the dependent objects too.
Traceback (most recent call last):
  File "run.py", line 40, in <module>
    from application import APP
  File "/home/galina/Downloads/ls_source/application.py", line 23, in <module>
    init_models(DB)
  File "/home/galina/Downloads/ls_source/models/__init__.py", line 19, in init_models
    Provider.drop_table()
  File "/usr/local/lib/python2.7/dist-packages/peewee.py", line 6021, in drop_table
    cls._schema.drop_all(safe, drop_sequences, **options)
  File "/usr/local/lib/python2.7/dist-packages/peewee.py", line 5235, in drop_all
    self.drop_table(safe, **options)
  File "/usr/local/lib/python2.7/dist-packages/peewee.py", line 5124, in drop_table
    self.database.execute(self._drop_table(safe=safe, **options))
  File "/usr/local/lib/python2.7/dist-packages/peewee.py", line 2848, in execute
    return self.execute_sql(sql, params, commit=commit)
  File "/usr/local/lib/python2.7/dist-packages/peewee.py", line 2842, in execute_sql
    self.commit()
  File "/usr/local/lib/python2.7/dist-packages/peewee.py", line 2627, in __exit__
    reraise(new_type, new_type(*exc_args), traceback)
  File "/usr/local/lib/python2.7/dist-packages/peewee.py", line 2835, in execute_sql
    cursor.execute(sql, params or ())
InternalError: cannot drop table providers because other objects depend on it
DETAIL:  constraint courses_provider_id_fkey on table courses depends on table providers
HINT:  Use DROP ... CASCADE to drop the dependent objects too.

2019-04-02 22:35:45,938 [MainThread  ] [ERROR]  cannot drop table students because other objects depend on it
DETAIL:  constraint providers_student_id_fkey on table providers depends on table students
constraint specializations_student_id_fkey on table specializations depends on table students
HINT:  Use DROP ... CASCADE to drop the dependent objects too.
Traceback (most recent call last):
  File "run.py", line 40, in <module>
    from application import APP
  File "/home/galina/Downloads/ls_source/application.py", line 23, in <module>
    init_models(DB)
  File "/home/galina/Downloads/ls_source/models/__init__.py", line 26, in init_models
    db.database.drop_tables(ms)
  File "/usr/local/lib/python2.7/dist-packages/peewee.py", line 2999, in drop_tables
    model.drop_table(**kwargs)
  File "/usr/local/lib/python2.7/dist-packages/peewee.py", line 6021, in drop_table
    cls._schema.drop_all(safe, drop_sequences, **options)
  File "/usr/local/lib/python2.7/dist-packages/peewee.py", line 5235, in drop_all
    self.drop_table(safe, **options)
  File "/usr/local/lib/python2.7/dist-packages/peewee.py", line 5124, in drop_table
    self.database.execute(self._drop_table(safe=safe, **options))
  File "/usr/local/lib/python2.7/dist-packages/peewee.py", line 2848, in execute
    return self.execute_sql(sql, params, commit=commit)
  File "/usr/local/lib/python2.7/dist-packages/peewee.py", line 2842, in execute_sql
    self.commit()
  File "/usr/local/lib/python2.7/dist-packages/peewee.py", line 2627, in __exit__
    reraise(new_type, new_type(*exc_args), traceback)
  File "/usr/local/lib/python2.7/dist-packages/peewee.py", line 2835, in execute_sql
    cursor.execute(sql, params or ())
InternalError: cannot drop table students because other objects depend on it
DETAIL:  constraint providers_student_id_fkey on table providers depends on table students
constraint specializations_student_id_fkey on table specializations depends on table students
HINT:  Use DROP ... CASCADE to drop the dependent objects too.

2019-04-02 22:36:05,677 [MainThread  ] [ERROR]  cannot drop table courses because other objects depend on it
DETAIL:  constraint certificate_course_course_id_fkey on table certificate_course depends on table courses
constraint certificate_course_ud_course_id_fkey on table certificate_course depends on table courses
constraint themes_course_id_fkey on table themes depends on table courses
constraint schedule_course_id_fkey on table schedule depends on table courses
HINT:  Use DROP ... CASCADE to drop the dependent objects too.
Traceback (most recent call last):
  File "run.py", line 40, in <module>
    from application import APP
  File "/home/galina/Downloads/ls_source/application.py", line 23, in <module>
    init_models(DB)
  File "/home/galina/Downloads/ls_source/models/__init__.py", line 19, in init_models
    Course.drop_table()
  File "/usr/local/lib/python2.7/dist-packages/peewee.py", line 6021, in drop_table
    cls._schema.drop_all(safe, drop_sequences, **options)
  File "/usr/local/lib/python2.7/dist-packages/peewee.py", line 5235, in drop_all
    self.drop_table(safe, **options)
  File "/usr/local/lib/python2.7/dist-packages/peewee.py", line 5124, in drop_table
    self.database.execute(self._drop_table(safe=safe, **options))
  File "/usr/local/lib/python2.7/dist-packages/peewee.py", line 2848, in execute
    return self.execute_sql(sql, params, commit=commit)
  File "/usr/local/lib/python2.7/dist-packages/peewee.py", line 2842, in execute_sql
    self.commit()
  File "/usr/local/lib/python2.7/dist-packages/peewee.py", line 2627, in __exit__
    reraise(new_type, new_type(*exc_args), traceback)
  File "/usr/local/lib/python2.7/dist-packages/peewee.py", line 2835, in execute_sql
    cursor.execute(sql, params or ())
InternalError: cannot drop table courses because other objects depend on it
DETAIL:  constraint certificate_course_course_id_fkey on table certificate_course depends on table courses
constraint certificate_course_ud_course_id_fkey on table certificate_course depends on table courses
constraint themes_course_id_fkey on table themes depends on table courses
constraint schedule_course_id_fkey on table schedule depends on table courses
HINT:  Use DROP ... CASCADE to drop the dependent objects too.

2019-04-02 22:36:24,966 [MainThread  ] [ERROR]  cannot drop table courses because other objects depend on it
DETAIL:  constraint themes_course_id_fkey on table themes depends on table courses
constraint schedule_course_id_fkey on table schedule depends on table courses
HINT:  Use DROP ... CASCADE to drop the dependent objects too.
Traceback (most recent call last):
  File "run.py", line 40, in <module>
    from application import APP
  File "/home/galina/Downloads/ls_source/application.py", line 23, in <module>
    init_models(DB)
  File "/home/galina/Downloads/ls_source/models/__init__.py", line 20, in init_models
    Course.drop_table()
  File "/usr/local/lib/python2.7/dist-packages/peewee.py", line 6021, in drop_table
    cls._schema.drop_all(safe, drop_sequences, **options)
  File "/usr/local/lib/python2.7/dist-packages/peewee.py", line 5235, in drop_all
    self.drop_table(safe, **options)
  File "/usr/local/lib/python2.7/dist-packages/peewee.py", line 5124, in drop_table
    self.database.execute(self._drop_table(safe=safe, **options))
  File "/usr/local/lib/python2.7/dist-packages/peewee.py", line 2848, in execute
    return self.execute_sql(sql, params, commit=commit)
  File "/usr/local/lib/python2.7/dist-packages/peewee.py", line 2842, in execute_sql
    self.commit()
  File "/usr/local/lib/python2.7/dist-packages/peewee.py", line 2627, in __exit__
    reraise(new_type, new_type(*exc_args), traceback)
  File "/usr/local/lib/python2.7/dist-packages/peewee.py", line 2835, in execute_sql
    cursor.execute(sql, params or ())
InternalError: cannot drop table courses because other objects depend on it
DETAIL:  constraint themes_course_id_fkey on table themes depends on table courses
constraint schedule_course_id_fkey on table schedule depends on table courses
HINT:  Use DROP ... CASCADE to drop the dependent objects too.

2019-04-02 22:36:39,005 [MainThread  ] [ERROR]  cannot drop table themes because other objects depend on it
DETAIL:  constraint questions_theme_id_fkey on table questions depends on table themes
constraint ud_themes_theme_id_fkey on table ud_themes depends on table themes
constraint student_answers_theme_id_fkey on table student_answers depends on table themes
HINT:  Use DROP ... CASCADE to drop the dependent objects too.
Traceback (most recent call last):
  File "run.py", line 40, in <module>
    from application import APP
  File "/home/galina/Downloads/ls_source/application.py", line 23, in <module>
    init_models(DB)
  File "/home/galina/Downloads/ls_source/models/__init__.py", line 20, in init_models
    CourseTheme.drop_table()
  File "/usr/local/lib/python2.7/dist-packages/peewee.py", line 6021, in drop_table
    cls._schema.drop_all(safe, drop_sequences, **options)
  File "/usr/local/lib/python2.7/dist-packages/peewee.py", line 5235, in drop_all
    self.drop_table(safe, **options)
  File "/usr/local/lib/python2.7/dist-packages/peewee.py", line 5124, in drop_table
    self.database.execute(self._drop_table(safe=safe, **options))
  File "/usr/local/lib/python2.7/dist-packages/peewee.py", line 2848, in execute
    return self.execute_sql(sql, params, commit=commit)
  File "/usr/local/lib/python2.7/dist-packages/peewee.py", line 2842, in execute_sql
    self.commit()
  File "/usr/local/lib/python2.7/dist-packages/peewee.py", line 2627, in __exit__
    reraise(new_type, new_type(*exc_args), traceback)
  File "/usr/local/lib/python2.7/dist-packages/peewee.py", line 2835, in execute_sql
    cursor.execute(sql, params or ())
InternalError: cannot drop table themes because other objects depend on it
DETAIL:  constraint questions_theme_id_fkey on table questions depends on table themes
constraint ud_themes_theme_id_fkey on table ud_themes depends on table themes
constraint student_answers_theme_id_fkey on table student_answers depends on table themes
HINT:  Use DROP ... CASCADE to drop the dependent objects too.

2019-04-02 22:36:58,959 [MainThread  ] [ERROR]  cannot drop table questions because other objects depend on it
DETAIL:  constraint student_answers_question_id_fkey on table student_answers depends on table questions
HINT:  Use DROP ... CASCADE to drop the dependent objects too.
Traceback (most recent call last):
  File "run.py", line 40, in <module>
    from application import APP
  File "/home/galina/Downloads/ls_source/application.py", line 23, in <module>
    init_models(DB)
  File "/home/galina/Downloads/ls_source/models/__init__.py", line 20, in init_models
    Question.drop_table()
  File "/usr/local/lib/python2.7/dist-packages/peewee.py", line 6021, in drop_table
    cls._schema.drop_all(safe, drop_sequences, **options)
  File "/usr/local/lib/python2.7/dist-packages/peewee.py", line 5235, in drop_all
    self.drop_table(safe, **options)
  File "/usr/local/lib/python2.7/dist-packages/peewee.py", line 5124, in drop_table
    self.database.execute(self._drop_table(safe=safe, **options))
  File "/usr/local/lib/python2.7/dist-packages/peewee.py", line 2848, in execute
    return self.execute_sql(sql, params, commit=commit)
  File "/usr/local/lib/python2.7/dist-packages/peewee.py", line 2842, in execute_sql
    self.commit()
  File "/usr/local/lib/python2.7/dist-packages/peewee.py", line 2627, in __exit__
    reraise(new_type, new_type(*exc_args), traceback)
  File "/usr/local/lib/python2.7/dist-packages/peewee.py", line 2835, in execute_sql
    cursor.execute(sql, params or ())
InternalError: cannot drop table questions because other objects depend on it
DETAIL:  constraint student_answers_question_id_fkey on table student_answers depends on table questions
HINT:  Use DROP ... CASCADE to drop the dependent objects too.

2019-04-02 22:37:13,429 [MainThread  ] [ERROR]  cannot drop table themes because other objects depend on it
DETAIL:  constraint ud_themes_theme_id_fkey on table ud_themes depends on table themes
HINT:  Use DROP ... CASCADE to drop the dependent objects too.
Traceback (most recent call last):
  File "run.py", line 40, in <module>
    from application import APP
  File "/home/galina/Downloads/ls_source/application.py", line 23, in <module>
    init_models(DB)
  File "/home/galina/Downloads/ls_source/models/__init__.py", line 22, in init_models
    CourseTheme.drop_table()
  File "/usr/local/lib/python2.7/dist-packages/peewee.py", line 6021, in drop_table
    cls._schema.drop_all(safe, drop_sequences, **options)
  File "/usr/local/lib/python2.7/dist-packages/peewee.py", line 5235, in drop_all
    self.drop_table(safe, **options)
  File "/usr/local/lib/python2.7/dist-packages/peewee.py", line 5124, in drop_table
    self.database.execute(self._drop_table(safe=safe, **options))
  File "/usr/local/lib/python2.7/dist-packages/peewee.py", line 2848, in execute
    return self.execute_sql(sql, params, commit=commit)
  File "/usr/local/lib/python2.7/dist-packages/peewee.py", line 2842, in execute_sql
    self.commit()
  File "/usr/local/lib/python2.7/dist-packages/peewee.py", line 2627, in __exit__
    reraise(new_type, new_type(*exc_args), traceback)
  File "/usr/local/lib/python2.7/dist-packages/peewee.py", line 2835, in execute_sql
    cursor.execute(sql, params or ())
InternalError: cannot drop table themes because other objects depend on it
DETAIL:  constraint ud_themes_theme_id_fkey on table ud_themes depends on table themes
HINT:  Use DROP ... CASCADE to drop the dependent objects too.

2019-04-02 22:37:29,364 [MainThread  ] [ERROR]  cannot drop table courses because other objects depend on it
DETAIL:  constraint schedule_course_id_fkey on table schedule depends on table courses
HINT:  Use DROP ... CASCADE to drop the dependent objects too.
Traceback (most recent call last):
  File "run.py", line 40, in <module>
    from application import APP
  File "/home/galina/Downloads/ls_source/application.py", line 23, in <module>
    init_models(DB)
  File "/home/galina/Downloads/ls_source/models/__init__.py", line 24, in init_models
    Course.drop_table()
  File "/usr/local/lib/python2.7/dist-packages/peewee.py", line 6021, in drop_table
    cls._schema.drop_all(safe, drop_sequences, **options)
  File "/usr/local/lib/python2.7/dist-packages/peewee.py", line 5235, in drop_all
    self.drop_table(safe, **options)
  File "/usr/local/lib/python2.7/dist-packages/peewee.py", line 5124, in drop_table
    self.database.execute(self._drop_table(safe=safe, **options))
  File "/usr/local/lib/python2.7/dist-packages/peewee.py", line 2848, in execute
    return self.execute_sql(sql, params, commit=commit)
  File "/usr/local/lib/python2.7/dist-packages/peewee.py", line 2842, in execute_sql
    self.commit()
  File "/usr/local/lib/python2.7/dist-packages/peewee.py", line 2627, in __exit__
    reraise(new_type, new_type(*exc_args), traceback)
  File "/usr/local/lib/python2.7/dist-packages/peewee.py", line 2835, in execute_sql
    cursor.execute(sql, params or ())
InternalError: cannot drop table courses because other objects depend on it
DETAIL:  constraint schedule_course_id_fkey on table schedule depends on table courses
HINT:  Use DROP ... CASCADE to drop the dependent objects too.

2019-04-02 22:37:46,354 [MainThread  ] [ERROR]  cannot drop table specializations because other objects depend on it
DETAIL:  constraint certificate_spec_spec_id_fkey on table certificate_spec depends on table specializations
constraint ud_courses_spec_id_fkey on table ud_courses depends on table specializations
HINT:  Use DROP ... CASCADE to drop the dependent objects too.
Traceback (most recent call last):
  File "run.py", line 40, in <module>
    from application import APP
  File "/home/galina/Downloads/ls_source/application.py", line 23, in <module>
    init_models(DB)
  File "/home/galina/Downloads/ls_source/models/__init__.py", line 27, in init_models
    Specialization.drop_table()
  File "/usr/local/lib/python2.7/dist-packages/peewee.py", line 6021, in drop_table
    cls._schema.drop_all(safe, drop_sequences, **options)
  File "/usr/local/lib/python2.7/dist-packages/peewee.py", line 5235, in drop_all
    self.drop_table(safe, **options)
  File "/usr/local/lib/python2.7/dist-packages/peewee.py", line 5124, in drop_table
    self.database.execute(self._drop_table(safe=safe, **options))
  File "/usr/local/lib/python2.7/dist-packages/peewee.py", line 2848, in execute
    return self.execute_sql(sql, params, commit=commit)
  File "/usr/local/lib/python2.7/dist-packages/peewee.py", line 2842, in execute_sql
    self.commit()
  File "/usr/local/lib/python2.7/dist-packages/peewee.py", line 2627, in __exit__
    reraise(new_type, new_type(*exc_args), traceback)
  File "/usr/local/lib/python2.7/dist-packages/peewee.py", line 2835, in execute_sql
    cursor.execute(sql, params or ())
InternalError: cannot drop table specializations because other objects depend on it
DETAIL:  constraint certificate_spec_spec_id_fkey on table certificate_spec depends on table specializations
constraint ud_courses_spec_id_fkey on table ud_courses depends on table specializations
HINT:  Use DROP ... CASCADE to drop the dependent objects too.

2019-04-02 22:38:05,957 [MainThread  ] [ERROR]  cannot drop table specializations because other objects depend on it
DETAIL:  constraint ud_courses_spec_id_fkey on table ud_courses depends on table specializations
HINT:  Use DROP ... CASCADE to drop the dependent objects too.
Traceback (most recent call last):
  File "run.py", line 40, in <module>
    from application import APP
  File "/home/galina/Downloads/ls_source/application.py", line 23, in <module>
    init_models(DB)
  File "/home/galina/Downloads/ls_source/models/__init__.py", line 28, in init_models
    Specialization.drop_table()
  File "/usr/local/lib/python2.7/dist-packages/peewee.py", line 6021, in drop_table
    cls._schema.drop_all(safe, drop_sequences, **options)
  File "/usr/local/lib/python2.7/dist-packages/peewee.py", line 5235, in drop_all
    self.drop_table(safe, **options)
  File "/usr/local/lib/python2.7/dist-packages/peewee.py", line 5124, in drop_table
    self.database.execute(self._drop_table(safe=safe, **options))
  File "/usr/local/lib/python2.7/dist-packages/peewee.py", line 2848, in execute
    return self.execute_sql(sql, params, commit=commit)
  File "/usr/local/lib/python2.7/dist-packages/peewee.py", line 2842, in execute_sql
    self.commit()
  File "/usr/local/lib/python2.7/dist-packages/peewee.py", line 2627, in __exit__
    reraise(new_type, new_type(*exc_args), traceback)
  File "/usr/local/lib/python2.7/dist-packages/peewee.py", line 2835, in execute_sql
    cursor.execute(sql, params or ())
InternalError: cannot drop table specializations because other objects depend on it
DETAIL:  constraint ud_courses_spec_id_fkey on table ud_courses depends on table specializations
HINT:  Use DROP ... CASCADE to drop the dependent objects too.

2019-04-02 22:40:46,579 [MainThread  ] [WARNI]   * Debugger is active!
2019-04-02 22:45:52,882 [MainThread  ] [WARNI]   * Debugger is active!
2019-04-02 22:48:27,775 [MainThread  ] [WARNI]   * Debugger is active!
2019-04-02 22:56:37,644 [MainThread  ] [WARNI]   * Debugger is active!
2019-04-02 22:57:58,616 [MainThread  ] [WARNI]   * Debugger is active!
2019-04-02 22:59:12,329 [MainThread  ] [WARNI]   * Debugger is active!
2019-04-02 23:01:34,010 [MainThread  ] [WARNI]   * Debugger is active!
2019-04-02 23:01:41,665 [MainThread  ] [WARNI]   * Debugger is active!
2019-04-02 23:04:53,624 [MainThread  ] [ERROR]  global name 'Student' is not defined
Traceback (most recent call last):
  File "run.py", line 40, in <module>
    from application import APP
  File "/home/galina/Downloads/ls_source/application.py", line 23, in <module>
    init_models(DB)
  File "/home/galina/Downloads/ls_source/models/__init__.py", line 16, in init_models
    CourseTheme, Schedule, Course, Provider, CertificateSpec, Specialization, Student]
NameError: global name 'Student' is not defined
2019-04-02 23:06:39,975 [MainThread  ] [WARNI]   * Debugger is active!
2019-04-02 23:08:32,739 [MainThread  ] [WARNI]   * Debugger is active!
2019-04-02 23:10:41,719 [MainThread  ] [WARNI]   * Debugger is active!
2019-04-02 23:11:58,694 [MainThread  ] [WARNI]   * Debugger is active!
2019-04-02 23:12:42,060 [MainThread  ] [WARNI]   * Debugger is active!
2019-04-02 23:13:14,697 [MainThread  ] [WARNI]   * Debugger is active!
2019-04-02 23:15:17,287 [MainThread  ] [WARNI]   * Debugger is active!
2019-04-02 23:16:11,636 [MainThread  ] [WARNI]   * Debugger is active!
2019-04-03 14:50:13,942 [MainThread  ] [WARNI]   * Debugger is active!
2019-04-03 14:51:52,479 [MainThread  ] [ERROR]  cannot drop table ud_themes because other objects depend on it
DETAIL:  constraint student_answers_ud_theme_id_fkey on table student_answers depends on table ud_themes
HINT:  Use DROP ... CASCADE to drop the dependent objects too.
Traceback (most recent call last):
  File "run.py", line 40, in <module>
    from application import APP
  File "/home/galina/Downloads/ls_source/application.py", line 23, in <module>
    init_models(DB)
  File "/home/galina/Downloads/ls_source/models/__init__.py", line 18, in init_models
    db.database.drop_tables(ms)
  File "/usr/local/lib/python2.7/dist-packages/peewee.py", line 2999, in drop_tables
    model.drop_table(**kwargs)
  File "/usr/local/lib/python2.7/dist-packages/peewee.py", line 6021, in drop_table
    cls._schema.drop_all(safe, drop_sequences, **options)
  File "/usr/local/lib/python2.7/dist-packages/peewee.py", line 5235, in drop_all
    self.drop_table(safe, **options)
  File "/usr/local/lib/python2.7/dist-packages/peewee.py", line 5124, in drop_table
    self.database.execute(self._drop_table(safe=safe, **options))
  File "/usr/local/lib/python2.7/dist-packages/peewee.py", line 2848, in execute
    return self.execute_sql(sql, params, commit=commit)
  File "/usr/local/lib/python2.7/dist-packages/peewee.py", line 2842, in execute_sql
    self.commit()
  File "/usr/local/lib/python2.7/dist-packages/peewee.py", line 2627, in __exit__
    reraise(new_type, new_type(*exc_args), traceback)
  File "/usr/local/lib/python2.7/dist-packages/peewee.py", line 2835, in execute_sql
    cursor.execute(sql, params or ())
InternalError: cannot drop table ud_themes because other objects depend on it
DETAIL:  constraint student_answers_ud_theme_id_fkey on table student_answers depends on table ud_themes
HINT:  Use DROP ... CASCADE to drop the dependent objects too.

2019-04-03 14:51:54,908 [MainThread  ] [ERROR]  cannot drop table ud_themes because other objects depend on it
DETAIL:  constraint student_answers_ud_theme_id_fkey on table student_answers depends on table ud_themes
HINT:  Use DROP ... CASCADE to drop the dependent objects too.
Traceback (most recent call last):
  File "run.py", line 40, in <module>
    from application import APP
  File "/home/galina/Downloads/ls_source/application.py", line 23, in <module>
    init_models(DB)
  File "/home/galina/Downloads/ls_source/models/__init__.py", line 18, in init_models
    db.database.drop_tables(ms)
  File "/usr/local/lib/python2.7/dist-packages/peewee.py", line 2999, in drop_tables
    model.drop_table(**kwargs)
  File "/usr/local/lib/python2.7/dist-packages/peewee.py", line 6021, in drop_table
    cls._schema.drop_all(safe, drop_sequences, **options)
  File "/usr/local/lib/python2.7/dist-packages/peewee.py", line 5235, in drop_all
    self.drop_table(safe, **options)
  File "/usr/local/lib/python2.7/dist-packages/peewee.py", line 5124, in drop_table
    self.database.execute(self._drop_table(safe=safe, **options))
  File "/usr/local/lib/python2.7/dist-packages/peewee.py", line 2848, in execute
    return self.execute_sql(sql, params, commit=commit)
  File "/usr/local/lib/python2.7/dist-packages/peewee.py", line 2842, in execute_sql
    self.commit()
  File "/usr/local/lib/python2.7/dist-packages/peewee.py", line 2627, in __exit__
    reraise(new_type, new_type(*exc_args), traceback)
  File "/usr/local/lib/python2.7/dist-packages/peewee.py", line 2835, in execute_sql
    cursor.execute(sql, params or ())
InternalError: cannot drop table ud_themes because other objects depend on it
DETAIL:  constraint student_answers_ud_theme_id_fkey on table student_answers depends on table ud_themes
HINT:  Use DROP ... CASCADE to drop the dependent objects too.

2019-04-03 14:51:57,490 [MainThread  ] [ERROR]  cannot drop table ud_themes because other objects depend on it
DETAIL:  constraint student_answers_ud_theme_id_fkey on table student_answers depends on table ud_themes
HINT:  Use DROP ... CASCADE to drop the dependent objects too.
Traceback (most recent call last):
  File "run.py", line 40, in <module>
    from application import APP
  File "/home/galina/Downloads/ls_source/application.py", line 23, in <module>
    init_models(DB)
  File "/home/galina/Downloads/ls_source/models/__init__.py", line 18, in init_models
    db.database.drop_tables(ms)
  File "/usr/local/lib/python2.7/dist-packages/peewee.py", line 2999, in drop_tables
    model.drop_table(**kwargs)
  File "/usr/local/lib/python2.7/dist-packages/peewee.py", line 6021, in drop_table
    cls._schema.drop_all(safe, drop_sequences, **options)
  File "/usr/local/lib/python2.7/dist-packages/peewee.py", line 5235, in drop_all
    self.drop_table(safe, **options)
  File "/usr/local/lib/python2.7/dist-packages/peewee.py", line 5124, in drop_table
    self.database.execute(self._drop_table(safe=safe, **options))
  File "/usr/local/lib/python2.7/dist-packages/peewee.py", line 2848, in execute
    return self.execute_sql(sql, params, commit=commit)
  File "/usr/local/lib/python2.7/dist-packages/peewee.py", line 2842, in execute_sql
    self.commit()
  File "/usr/local/lib/python2.7/dist-packages/peewee.py", line 2627, in __exit__
    reraise(new_type, new_type(*exc_args), traceback)
  File "/usr/local/lib/python2.7/dist-packages/peewee.py", line 2835, in execute_sql
    cursor.execute(sql, params or ())
InternalError: cannot drop table ud_themes because other objects depend on it
DETAIL:  constraint student_answers_ud_theme_id_fkey on table student_answers depends on table ud_themes
HINT:  Use DROP ... CASCADE to drop the dependent objects too.

2019-04-03 14:52:06,285 [MainThread  ] [ERROR]  cannot drop table ud_courses because other objects depend on it
DETAIL:  constraint certificate_course_ud_course_id_fkey on table certificate_course depends on table ud_courses
HINT:  Use DROP ... CASCADE to drop the dependent objects too.
Traceback (most recent call last):
  File "run.py", line 40, in <module>
    from application import APP
  File "/home/galina/Downloads/ls_source/application.py", line 23, in <module>
    init_models(DB)
  File "/home/galina/Downloads/ls_source/models/__init__.py", line 18, in init_models
    db.database.drop_tables(ms)
  File "/usr/local/lib/python2.7/dist-packages/peewee.py", line 2999, in drop_tables
    model.drop_table(**kwargs)
  File "/usr/local/lib/python2.7/dist-packages/peewee.py", line 6021, in drop_table
    cls._schema.drop_all(safe, drop_sequences, **options)
  File "/usr/local/lib/python2.7/dist-packages/peewee.py", line 5235, in drop_all
    self.drop_table(safe, **options)
  File "/usr/local/lib/python2.7/dist-packages/peewee.py", line 5124, in drop_table
    self.database.execute(self._drop_table(safe=safe, **options))
  File "/usr/local/lib/python2.7/dist-packages/peewee.py", line 2848, in execute
    return self.execute_sql(sql, params, commit=commit)
  File "/usr/local/lib/python2.7/dist-packages/peewee.py", line 2842, in execute_sql
    self.commit()
  File "/usr/local/lib/python2.7/dist-packages/peewee.py", line 2627, in __exit__
    reraise(new_type, new_type(*exc_args), traceback)
  File "/usr/local/lib/python2.7/dist-packages/peewee.py", line 2835, in execute_sql
    cursor.execute(sql, params or ())
InternalError: cannot drop table ud_courses because other objects depend on it
DETAIL:  constraint certificate_course_ud_course_id_fkey on table certificate_course depends on table ud_courses
HINT:  Use DROP ... CASCADE to drop the dependent objects too.

2019-04-03 14:52:32,576 [MainThread  ] [WARNI]   * Debugger is active!
2019-04-03 14:53:08,330 [MainThread  ] [ERROR]  cannot drop table ud_courses because other objects depend on it
DETAIL:  constraint certificate_course_ud_course_id_fkey on table certificate_course depends on table ud_courses
HINT:  Use DROP ... CASCADE to drop the dependent objects too.
Traceback (most recent call last):
  File "run.py", line 40, in <module>
    from application import APP
  File "/home/galina/Downloads/ls_source/application.py", line 23, in <module>
    init_models(DB)
  File "/home/galina/Downloads/ls_source/models/__init__.py", line 18, in init_models
    db.database.drop_tables(ms)
  File "/usr/local/lib/python2.7/dist-packages/peewee.py", line 2999, in drop_tables
    model.drop_table(**kwargs)
  File "/usr/local/lib/python2.7/dist-packages/peewee.py", line 6021, in drop_table
    cls._schema.drop_all(safe, drop_sequences, **options)
  File "/usr/local/lib/python2.7/dist-packages/peewee.py", line 5235, in drop_all
    self.drop_table(safe, **options)
  File "/usr/local/lib/python2.7/dist-packages/peewee.py", line 5124, in drop_table
    self.database.execute(self._drop_table(safe=safe, **options))
  File "/usr/local/lib/python2.7/dist-packages/peewee.py", line 2848, in execute
    return self.execute_sql(sql, params, commit=commit)
  File "/usr/local/lib/python2.7/dist-packages/peewee.py", line 2842, in execute_sql
    self.commit()
  File "/usr/local/lib/python2.7/dist-packages/peewee.py", line 2627, in __exit__
    reraise(new_type, new_type(*exc_args), traceback)
  File "/usr/local/lib/python2.7/dist-packages/peewee.py", line 2835, in execute_sql
    cursor.execute(sql, params or ())
InternalError: cannot drop table ud_courses because other objects depend on it
DETAIL:  constraint certificate_course_ud_course_id_fkey on table certificate_course depends on table ud_courses
HINT:  Use DROP ... CASCADE to drop the dependent objects too.

2019-04-03 14:53:36,250 [MainThread  ] [ERROR]  cannot drop table ud_courses because other objects depend on it
DETAIL:  constraint certificate_course_ud_course_id_fkey on table certificate_course depends on table ud_courses
HINT:  Use DROP ... CASCADE to drop the dependent objects too.
Traceback (most recent call last):
  File "run.py", line 40, in <module>
    from application import APP
  File "/home/galina/Downloads/ls_source/application.py", line 23, in <module>
    init_models(DB)
  File "/home/galina/Downloads/ls_source/models/__init__.py", line 18, in init_models
    db.database.drop_tables(ms)
  File "/usr/local/lib/python2.7/dist-packages/peewee.py", line 2999, in drop_tables
    model.drop_table(**kwargs)
  File "/usr/local/lib/python2.7/dist-packages/peewee.py", line 6021, in drop_table
    cls._schema.drop_all(safe, drop_sequences, **options)
  File "/usr/local/lib/python2.7/dist-packages/peewee.py", line 5235, in drop_all
    self.drop_table(safe, **options)
  File "/usr/local/lib/python2.7/dist-packages/peewee.py", line 5124, in drop_table
    self.database.execute(self._drop_table(safe=safe, **options))
  File "/usr/local/lib/python2.7/dist-packages/peewee.py", line 2848, in execute
    return self.execute_sql(sql, params, commit=commit)
  File "/usr/local/lib/python2.7/dist-packages/peewee.py", line 2842, in execute_sql
    self.commit()
  File "/usr/local/lib/python2.7/dist-packages/peewee.py", line 2627, in __exit__
    reraise(new_type, new_type(*exc_args), traceback)
  File "/usr/local/lib/python2.7/dist-packages/peewee.py", line 2835, in execute_sql
    cursor.execute(sql, params or ())
InternalError: cannot drop table ud_courses because other objects depend on it
DETAIL:  constraint certificate_course_ud_course_id_fkey on table certificate_course depends on table ud_courses
HINT:  Use DROP ... CASCADE to drop the dependent objects too.

2019-04-03 14:55:05,340 [MainThread  ] [ERROR]  cannot drop table ud_courses because other objects depend on it
DETAIL:  constraint certificate_course_ud_course_id_fkey on table certificate_course depends on table ud_courses
HINT:  Use DROP ... CASCADE to drop the dependent objects too.
Traceback (most recent call last):
  File "run.py", line 40, in <module>
    from application import APP
  File "/home/galina/Downloads/ls_source/application.py", line 23, in <module>
    init_models(DB)
  File "/home/galina/Downloads/ls_source/models/__init__.py", line 18, in init_models
    db.database.drop_tables(ms)
  File "/usr/local/lib/python2.7/dist-packages/peewee.py", line 2999, in drop_tables
    model.drop_table(**kwargs)
  File "/usr/local/lib/python2.7/dist-packages/peewee.py", line 6021, in drop_table
    cls._schema.drop_all(safe, drop_sequences, **options)
  File "/usr/local/lib/python2.7/dist-packages/peewee.py", line 5235, in drop_all
    self.drop_table(safe, **options)
  File "/usr/local/lib/python2.7/dist-packages/peewee.py", line 5124, in drop_table
    self.database.execute(self._drop_table(safe=safe, **options))
  File "/usr/local/lib/python2.7/dist-packages/peewee.py", line 2848, in execute
    return self.execute_sql(sql, params, commit=commit)
  File "/usr/local/lib/python2.7/dist-packages/peewee.py", line 2842, in execute_sql
    self.commit()
  File "/usr/local/lib/python2.7/dist-packages/peewee.py", line 2627, in __exit__
    reraise(new_type, new_type(*exc_args), traceback)
  File "/usr/local/lib/python2.7/dist-packages/peewee.py", line 2835, in execute_sql
    cursor.execute(sql, params or ())
InternalError: cannot drop table ud_courses because other objects depend on it
DETAIL:  constraint certificate_course_ud_course_id_fkey on table certificate_course depends on table ud_courses
HINT:  Use DROP ... CASCADE to drop the dependent objects too.

2019-04-03 14:55:45,335 [MainThread  ] [ERROR]  cannot drop table ud_courses because other objects depend on it
DETAIL:  constraint certificate_course_ud_course_id_fkey on table certificate_course depends on table ud_courses
HINT:  Use DROP ... CASCADE to drop the dependent objects too.
Traceback (most recent call last):
  File "run.py", line 40, in <module>
    from application import APP
  File "/home/galina/Downloads/ls_source/application.py", line 23, in <module>
    init_models(DB)
  File "/home/galina/Downloads/ls_source/models/__init__.py", line 18, in init_models
    db.database.drop_tables(ms)
  File "/usr/local/lib/python2.7/dist-packages/peewee.py", line 2999, in drop_tables
    model.drop_table(**kwargs)
  File "/usr/local/lib/python2.7/dist-packages/peewee.py", line 6021, in drop_table
    cls._schema.drop_all(safe, drop_sequences, **options)
  File "/usr/local/lib/python2.7/dist-packages/peewee.py", line 5235, in drop_all
    self.drop_table(safe, **options)
  File "/usr/local/lib/python2.7/dist-packages/peewee.py", line 5124, in drop_table
    self.database.execute(self._drop_table(safe=safe, **options))
  File "/usr/local/lib/python2.7/dist-packages/peewee.py", line 2848, in execute
    return self.execute_sql(sql, params, commit=commit)
  File "/usr/local/lib/python2.7/dist-packages/peewee.py", line 2842, in execute_sql
    self.commit()
  File "/usr/local/lib/python2.7/dist-packages/peewee.py", line 2627, in __exit__
    reraise(new_type, new_type(*exc_args), traceback)
  File "/usr/local/lib/python2.7/dist-packages/peewee.py", line 2835, in execute_sql
    cursor.execute(sql, params or ())
InternalError: cannot drop table ud_courses because other objects depend on it
DETAIL:  constraint certificate_course_ud_course_id_fkey on table certificate_course depends on table ud_courses
HINT:  Use DROP ... CASCADE to drop the dependent objects too.

2019-04-03 14:56:19,546 [MainThread  ] [ERROR]  cannot drop table ud_courses because other objects depend on it
DETAIL:  constraint certificate_course_ud_course_id_fkey on table certificate_course depends on table ud_courses
HINT:  Use DROP ... CASCADE to drop the dependent objects too.
Traceback (most recent call last):
  File "run.py", line 40, in <module>
    from application import APP
  File "/home/galina/Downloads/ls_source/application.py", line 23, in <module>
    init_models(DB)
  File "/home/galina/Downloads/ls_source/models/__init__.py", line 18, in init_models
    db.database.drop_tables(ms)
  File "/usr/local/lib/python2.7/dist-packages/peewee.py", line 2999, in drop_tables
    model.drop_table(**kwargs)
  File "/usr/local/lib/python2.7/dist-packages/peewee.py", line 6021, in drop_table
    cls._schema.drop_all(safe, drop_sequences, **options)
  File "/usr/local/lib/python2.7/dist-packages/peewee.py", line 5235, in drop_all
    self.drop_table(safe, **options)
  File "/usr/local/lib/python2.7/dist-packages/peewee.py", line 5124, in drop_table
    self.database.execute(self._drop_table(safe=safe, **options))
  File "/usr/local/lib/python2.7/dist-packages/peewee.py", line 2848, in execute
    return self.execute_sql(sql, params, commit=commit)
  File "/usr/local/lib/python2.7/dist-packages/peewee.py", line 2842, in execute_sql
    self.commit()
  File "/usr/local/lib/python2.7/dist-packages/peewee.py", line 2627, in __exit__
    reraise(new_type, new_type(*exc_args), traceback)
  File "/usr/local/lib/python2.7/dist-packages/peewee.py", line 2835, in execute_sql
    cursor.execute(sql, params or ())
InternalError: cannot drop table ud_courses because other objects depend on it
DETAIL:  constraint certificate_course_ud_course_id_fkey on table certificate_course depends on table ud_courses
HINT:  Use DROP ... CASCADE to drop the dependent objects too.

2019-04-03 14:56:50,866 [MainThread  ] [ERROR]  cannot drop table ud_courses because other objects depend on it
DETAIL:  constraint certificate_course_ud_course_id_fkey on table certificate_course depends on table ud_courses
HINT:  Use DROP ... CASCADE to drop the dependent objects too.
Traceback (most recent call last):
  File "run.py", line 40, in <module>
    from application import APP
  File "/home/galina/Downloads/ls_source/application.py", line 23, in <module>
    init_models(DB)
  File "/home/galina/Downloads/ls_source/models/__init__.py", line 19, in init_models
    db.database.drop_tables(ms)
  File "/usr/local/lib/python2.7/dist-packages/peewee.py", line 2999, in drop_tables
    model.drop_table(**kwargs)
  File "/usr/local/lib/python2.7/dist-packages/peewee.py", line 6021, in drop_table
    cls._schema.drop_all(safe, drop_sequences, **options)
  File "/usr/local/lib/python2.7/dist-packages/peewee.py", line 5235, in drop_all
    self.drop_table(safe, **options)
  File "/usr/local/lib/python2.7/dist-packages/peewee.py", line 5124, in drop_table
    self.database.execute(self._drop_table(safe=safe, **options))
  File "/usr/local/lib/python2.7/dist-packages/peewee.py", line 2848, in execute
    return self.execute_sql(sql, params, commit=commit)
  File "/usr/local/lib/python2.7/dist-packages/peewee.py", line 2842, in execute_sql
    self.commit()
  File "/usr/local/lib/python2.7/dist-packages/peewee.py", line 2627, in __exit__
    reraise(new_type, new_type(*exc_args), traceback)
  File "/usr/local/lib/python2.7/dist-packages/peewee.py", line 2835, in execute_sql
    cursor.execute(sql, params or ())
InternalError: cannot drop table ud_courses because other objects depend on it
DETAIL:  constraint certificate_course_ud_course_id_fkey on table certificate_course depends on table ud_courses
HINT:  Use DROP ... CASCADE to drop the dependent objects too.

2019-04-03 14:57:50,495 [MainThread  ] [ERROR]  cannot drop table ud_courses because other objects depend on it
DETAIL:  constraint certificate_course_ud_course_id_fkey on table certificate_course depends on table ud_courses
HINT:  Use DROP ... CASCADE to drop the dependent objects too.
Traceback (most recent call last):
  File "run.py", line 40, in <module>
    from application import APP
  File "/home/galina/Downloads/ls_source/application.py", line 23, in <module>
    init_models(DB)
  File "/home/galina/Downloads/ls_source/models/__init__.py", line 19, in init_models
    db.database.drop_tables(ms)
  File "/usr/local/lib/python2.7/dist-packages/peewee.py", line 2999, in drop_tables
    model.drop_table(**kwargs)
  File "/usr/local/lib/python2.7/dist-packages/peewee.py", line 6021, in drop_table
    cls._schema.drop_all(safe, drop_sequences, **options)
  File "/usr/local/lib/python2.7/dist-packages/peewee.py", line 5235, in drop_all
    self.drop_table(safe, **options)
  File "/usr/local/lib/python2.7/dist-packages/peewee.py", line 5124, in drop_table
    self.database.execute(self._drop_table(safe=safe, **options))
  File "/usr/local/lib/python2.7/dist-packages/peewee.py", line 2848, in execute
    return self.execute_sql(sql, params, commit=commit)
  File "/usr/local/lib/python2.7/dist-packages/peewee.py", line 2842, in execute_sql
    self.commit()
  File "/usr/local/lib/python2.7/dist-packages/peewee.py", line 2627, in __exit__
    reraise(new_type, new_type(*exc_args), traceback)
  File "/usr/local/lib/python2.7/dist-packages/peewee.py", line 2835, in execute_sql
    cursor.execute(sql, params or ())
InternalError: cannot drop table ud_courses because other objects depend on it
DETAIL:  constraint certificate_course_ud_course_id_fkey on table certificate_course depends on table ud_courses
HINT:  Use DROP ... CASCADE to drop the dependent objects too.

2019-04-03 14:58:29,632 [MainThread  ] [ERROR]  cannot drop table ud_courses because other objects depend on it
DETAIL:  constraint certificate_course_ud_course_id_fkey on table certificate_course depends on table ud_courses
HINT:  Use DROP ... CASCADE to drop the dependent objects too.
Traceback (most recent call last):
  File "run.py", line 40, in <module>
    from application import APP
  File "/home/galina/Downloads/ls_source/application.py", line 23, in <module>
    init_models(DB)
  File "/home/galina/Downloads/ls_source/models/__init__.py", line 15, in init_models
    UserDefinedCourse.drop_table()
  File "/usr/local/lib/python2.7/dist-packages/peewee.py", line 6021, in drop_table
    cls._schema.drop_all(safe, drop_sequences, **options)
  File "/usr/local/lib/python2.7/dist-packages/peewee.py", line 5235, in drop_all
    self.drop_table(safe, **options)
  File "/usr/local/lib/python2.7/dist-packages/peewee.py", line 5124, in drop_table
    self.database.execute(self._drop_table(safe=safe, **options))
  File "/usr/local/lib/python2.7/dist-packages/peewee.py", line 2848, in execute
    return self.execute_sql(sql, params, commit=commit)
  File "/usr/local/lib/python2.7/dist-packages/peewee.py", line 2842, in execute_sql
    self.commit()
  File "/usr/local/lib/python2.7/dist-packages/peewee.py", line 2627, in __exit__
    reraise(new_type, new_type(*exc_args), traceback)
  File "/usr/local/lib/python2.7/dist-packages/peewee.py", line 2835, in execute_sql
    cursor.execute(sql, params or ())
InternalError: cannot drop table ud_courses because other objects depend on it
DETAIL:  constraint certificate_course_ud_course_id_fkey on table certificate_course depends on table ud_courses
HINT:  Use DROP ... CASCADE to drop the dependent objects too.

2019-04-03 14:58:37,447 [MainThread  ] [ERROR]  cannot drop table ud_courses because other objects depend on it
DETAIL:  constraint certificate_course_ud_course_id_fkey on table certificate_course depends on table ud_courses
HINT:  Use DROP ... CASCADE to drop the dependent objects too.
Traceback (most recent call last):
  File "run.py", line 40, in <module>
    from application import APP
  File "/home/galina/Downloads/ls_source/application.py", line 23, in <module>
    init_models(DB)
  File "/home/galina/Downloads/ls_source/models/__init__.py", line 15, in init_models
    UserDefinedCourse.drop_table()
  File "/usr/local/lib/python2.7/dist-packages/peewee.py", line 6021, in drop_table
    cls._schema.drop_all(safe, drop_sequences, **options)
  File "/usr/local/lib/python2.7/dist-packages/peewee.py", line 5235, in drop_all
    self.drop_table(safe, **options)
  File "/usr/local/lib/python2.7/dist-packages/peewee.py", line 5124, in drop_table
    self.database.execute(self._drop_table(safe=safe, **options))
  File "/usr/local/lib/python2.7/dist-packages/peewee.py", line 2848, in execute
    return self.execute_sql(sql, params, commit=commit)
  File "/usr/local/lib/python2.7/dist-packages/peewee.py", line 2842, in execute_sql
    self.commit()
  File "/usr/local/lib/python2.7/dist-packages/peewee.py", line 2627, in __exit__
    reraise(new_type, new_type(*exc_args), traceback)
  File "/usr/local/lib/python2.7/dist-packages/peewee.py", line 2835, in execute_sql
    cursor.execute(sql, params or ())
InternalError: cannot drop table ud_courses because other objects depend on it
DETAIL:  constraint certificate_course_ud_course_id_fkey on table certificate_course depends on table ud_courses
HINT:  Use DROP ... CASCADE to drop the dependent objects too.

2019-04-03 14:59:41,407 [MainThread  ] [ERROR]  [Errno 98] Address already in use
Traceback (most recent call last):
  File "/home/galina/Downloads/ls_source/run.py", line 41, in <module>
    APP.run()
  File "/home/galina/.local/lib/python2.7/site-packages/flask/app.py", line 943, in run
    run_simple(host, port, self, **options)
  File "/home/galina/.local/lib/python2.7/site-packages/werkzeug/serving.py", line 795, in run_simple
    s.bind(get_sockaddr(hostname, port, address_family))
  File "/usr/lib/python2.7/socket.py", line 228, in meth
    return getattr(self._sock,name)(*args)
error: [Errno 98] Address already in use
2019-04-03 14:59:44,118 [MainThread  ] [ERROR]  [Errno 98] Address already in use
Traceback (most recent call last):
  File "run.py", line 41, in <module>
    APP.run()
  File "/home/galina/.local/lib/python2.7/site-packages/flask/app.py", line 943, in run
    run_simple(host, port, self, **options)
  File "/home/galina/.local/lib/python2.7/site-packages/werkzeug/serving.py", line 795, in run_simple
    s.bind(get_sockaddr(hostname, port, address_family))
  File "/usr/lib/python2.7/socket.py", line 228, in meth
    return getattr(self._sock,name)(*args)
error: [Errno 98] Address already in use
2019-04-03 15:00:11,928 [MainThread  ] [WARNI]   * Debugger is active!
2019-04-03 15:00:38,341 [MainThread  ] [WARNI]   * Debugger is active!
2019-04-03 15:03:13,657 [MainThread  ] [WARNI]   * Debugger is active!
2019-04-03 15:04:14,064 [MainThread  ] [ERROR]  name 'Specialization' is not defined
Traceback (most recent call last):
  File "run.py", line 40, in <module>
    from application import APP
  File "/home/galina/Downloads/ls_source/application.py", line 23, in <module>
    init_models(DB)
  File "/home/galina/Downloads/ls_source/models/__init__.py", line 8, in init_models
    from models.certificate import CertificateCourse,CertificateSpec
  File "/home/galina/Downloads/ls_source/models/certificate.py", line 23, in <module>
    class CertificateSpec(DB.Model):
  File "/home/galina/Downloads/ls_source/models/certificate.py", line 26, in CertificateSpec
    spec_id = ForeignKeyField(Specialization, to_field='spec_id',null=False)
NameError: name 'Specialization' is not defined
2019-04-03 15:04:42,613 [MainThread  ] [ERROR]  name 'Specialization' is not defined
Traceback (most recent call last):
  File "run.py", line 40, in <module>
    from application import APP
  File "/home/galina/Downloads/ls_source/application.py", line 23, in <module>
    init_models(DB)
  File "/home/galina/Downloads/ls_source/models/__init__.py", line 7, in init_models
    from models.certificate import CertificateCourse,CertificateSpec
  File "/home/galina/Downloads/ls_source/models/certificate.py", line 23, in <module>
    class CertificateSpec(DB.Model):
  File "/home/galina/Downloads/ls_source/models/certificate.py", line 26, in CertificateSpec
    spec_id = ForeignKeyField(Specialization, to_field='spec_id',null=False)
NameError: name 'Specialization' is not defined
2019-04-03 15:04:59,300 [MainThread  ] [WARNI]   * Debugger is active!
2019-04-03 15:07:11,023 [MainThread  ] [WARNI]   * Debugger is active!
2019-04-03 15:07:33,306 [MainThread  ] [WARNI]   * Debugger is active!
2019-04-03 15:07:48,984 [MainThread  ] [WARNI]   * Debugger is active!
2019-04-03 15:25:03,268 [MainThread  ] [WARNI]   * Debugger is active!
2019-04-03 15:25:35,602 [MainThread  ] [WARNI]   * Debugger is active!
2019-04-03 15:49:49,801 [MainThread  ] [WARNI]   * Debugger is active!
2019-04-03 15:50:07,535 [MainThread  ] [ERROR]  cannot import name StudentAnswer
Traceback (most recent call last):
  File "run.py", line 40, in <module>
    from application import APP
  File "/home/galina/Downloads/ls_source/application.py", line 23, in <module>
    init_models(DB)
  File "/home/galina/Downloads/ls_source/models/__init__.py", line 9, in init_models
    from models.student_answers import StudentAnswer
ImportError: cannot import name StudentAnswer
2019-04-03 15:50:46,067 [MainThread  ] [WARNI]   * Debugger is active!
2019-04-03 16:08:32,406 [MainThread  ] [WARNI]   * Debugger is active!
2019-04-03 16:32:50,424 [MainThread  ] [WARNI]   * Debugger is active!
2019-04-03 16:35:30,221 [MainThread  ] [WARNI]   * Debugger is active!
2019-04-03 17:28:41,781 [MainThread  ] [WARNI]   * Debugger is active!
2019-04-04 00:17:08,456 [MainThread  ] [WARNI]   * Debugger is active!
2019-04-04 00:24:04,390 [MainThread  ] [WARNI]   * Debugger is active!
2019-04-04 00:24:59,010 [MainThread  ] [WARNI]   * Debugger is active!
2019-04-04 00:25:46,785 [MainThread  ] [WARNI]   * Debugger is active!
2019-04-04 00:26:58,944 [MainThread  ] [WARNI]   * Debugger is active!
2019-04-04 00:27:00,187 [MainThread  ] [WARNI]   * Debugger is active!
2019-04-04 12:36:39,599 [MainThread  ] [ERROR]  cannot import name DB
Traceback (most recent call last):
  File "run.py", line 40, in <module>
    from application import APP
  File "/home/galina/Downloads/ls_source/application.py", line 8, in <module>
    from clean_tables import clean_tables
  File "/home/galina/Downloads/ls_source/clean_tables.py", line 3, in <module>
    from models.student import Student
  File "/home/galina/Downloads/ls_source/models/student.py", line 4, in <module>
    from application import DB
ImportError: cannot import name DB
2019-04-04 12:36:41,590 [MainThread  ] [ERROR]  cannot import name DB
Traceback (most recent call last):
  File "run.py", line 40, in <module>
    from application import APP
  File "/home/galina/Downloads/ls_source/application.py", line 8, in <module>
    from clean_tables import clean_tables
  File "/home/galina/Downloads/ls_source/clean_tables.py", line 3, in <module>
    from models.student import Student
  File "/home/galina/Downloads/ls_source/models/student.py", line 4, in <module>
    from application import DB
ImportError: cannot import name DB
2019-04-04 12:41:32,648 [MainThread  ] [WARNI]   * Debugger is active!
2019-04-04 15:50:28,210 [MainThread  ] [WARNI]   * Debugger is active!
2019-04-05 13:24:05,255 [MainThread  ] [WARNI]   * Debugger is active!
2019-04-05 13:24:50,074 [MainThread  ] [WARNI]   * Debugger is active!
